# CMAKE generated file: DO NOT EDIT!
# Generated by "Ninja" Generator, CMake Version 3.29

# This file contains all the build statements describing the
# compilation DAG.

# =============================================================================
# Write statements declared in CMakeLists.txt:
# 
# Which is the root file.
# =============================================================================

# =============================================================================
# Project: cpr
# Configurations: Debug
# =============================================================================

#############################################
# Minimal version of Ninja required by this file

ninja_required_version = 1.5


#############################################
# Set configuration variable for custom commands.

CONFIGURATION = Debug
# =============================================================================
# Include auxiliary files.


#############################################
# Include rules file.

include CMakeFiles\rules.ninja

# =============================================================================

#############################################
# Logical path to working directory; prefix for absolute paths.

cmake_ninja_workdir = D$:\Proyectos\C++\Hangie\vcpkg_installed\vcpkg\blds\cpr\x64-windows-dbg\

#############################################
# Utility command for edit_cache

build CMakeFiles\edit_cache.util: CUSTOM_COMMAND
  COMMAND = C:\Windows\system32\cmd.exe /C "cd /D D:\Proyectos\C++\Hangie\vcpkg_installed\vcpkg\blds\cpr\x64-windows-dbg && "C:\Program Files\Microsoft Visual Studio\2022\Community\Common7\IDE\CommonExtensions\Microsoft\CMake\CMake\bin\cmake.exe" -E echo "No interactive CMake dialog available.""
  DESC = No interactive CMake dialog available...
  restat = 1

build edit_cache: phony CMakeFiles\edit_cache.util


#############################################
# Utility command for rebuild_cache

build CMakeFiles\rebuild_cache.util: CUSTOM_COMMAND
  COMMAND = C:\Windows\system32\cmd.exe /C "cd /D D:\Proyectos\C++\Hangie\vcpkg_installed\vcpkg\blds\cpr\x64-windows-dbg && "C:\Program Files\Microsoft Visual Studio\2022\Community\Common7\IDE\CommonExtensions\Microsoft\CMake\CMake\bin\cmake.exe" --regenerate-during-build -SD:\Proyectos\C++\Hangie\vcpkg_installed\vcpkg\blds\cpr\src\1.10.5-254c19356c.clean -BD:\Proyectos\C++\Hangie\vcpkg_installed\vcpkg\blds\cpr\x64-windows-dbg"
  DESC = Running CMake to regenerate build system...
  pool = console
  restat = 1

build rebuild_cache: phony CMakeFiles\rebuild_cache.util


#############################################
# Utility command for list_install_components

build list_install_components: phony


#############################################
# Utility command for install

build CMakeFiles\install.util: CUSTOM_COMMAND all
  COMMAND = C:\Windows\system32\cmd.exe /C "cd /D D:\Proyectos\C++\Hangie\vcpkg_installed\vcpkg\blds\cpr\x64-windows-dbg && "C:\Program Files\Microsoft Visual Studio\2022\Community\Common7\IDE\CommonExtensions\Microsoft\CMake\CMake\bin\cmake.exe" -P cmake_install.cmake"
  DESC = Install the project...
  pool = console
  restat = 1

build install: phony CMakeFiles\install.util


#############################################
# Utility command for install/local

build CMakeFiles\install\local.util: CUSTOM_COMMAND all
  COMMAND = C:\Windows\system32\cmd.exe /C "cd /D D:\Proyectos\C++\Hangie\vcpkg_installed\vcpkg\blds\cpr\x64-windows-dbg && "C:\Program Files\Microsoft Visual Studio\2022\Community\Common7\IDE\CommonExtensions\Microsoft\CMake\CMake\bin\cmake.exe" -DCMAKE_INSTALL_LOCAL_ONLY=1 -P cmake_install.cmake"
  DESC = Installing only the local directory...
  pool = console
  restat = 1

build install\local: phony CMakeFiles\install\local.util

# =============================================================================
# Write statements declared in CMakeLists.txt:
# D:/Proyectos/C++/Hangie/vcpkg_installed/vcpkg/blds/cpr/src/1.10.5-254c19356c.clean/CMakeLists.txt
# =============================================================================

# =============================================================================
# Object build statements for STATIC_LIBRARY target cpr


#############################################
# Order-only phony target for cpr

build cmake_object_order_depends_target_cpr: phony || .

build cpr\CMakeFiles\cpr.dir\accept_encoding.cpp.obj: CXX_COMPILER__cpr_unscanned_Debug D$:\Proyectos\C++\Hangie\vcpkg_installed\vcpkg\blds\cpr\src\1.10.5-254c19356c.clean\cpr\accept_encoding.cpp || cmake_object_order_depends_target_cpr
  DEFINES = -DCPR_ENABLE_CURL_HTTP_ONLY -DCPR_ENABLE_SSL -DCPR_USE_SYSTEM_CURL
  FLAGS = /nologo /DWIN32 /D_WINDOWS /utf-8 /GR /EHsc /MP  /D_DEBUG /MDd /Z7 /Ob0 /Od /RTC1  -std:c++17 -MDd
  INCLUDES = -ID:\Proyectos\C++\Hangie\vcpkg_installed\vcpkg\blds\cpr\src\1.10.5-254c19356c.clean\include -ID:\Proyectos\C++\Hangie\vcpkg_installed\vcpkg\blds\cpr\x64-windows-dbg\cpr_generated_includes -external:ID:\Proyectos\C++\Hangie\vcpkg_installed\x64-windows\include -external:W0
  OBJECT_DIR = cpr\CMakeFiles\cpr.dir
  OBJECT_FILE_DIR = cpr\CMakeFiles\cpr.dir
  TARGET_COMPILE_PDB = cpr\CMakeFiles\cpr.dir\cpr.pdb
  TARGET_PDB = lib\cpr.pdb

build cpr\CMakeFiles\cpr.dir\async.cpp.obj: CXX_COMPILER__cpr_unscanned_Debug D$:\Proyectos\C++\Hangie\vcpkg_installed\vcpkg\blds\cpr\src\1.10.5-254c19356c.clean\cpr\async.cpp || cmake_object_order_depends_target_cpr
  DEFINES = -DCPR_ENABLE_CURL_HTTP_ONLY -DCPR_ENABLE_SSL -DCPR_USE_SYSTEM_CURL
  FLAGS = /nologo /DWIN32 /D_WINDOWS /utf-8 /GR /EHsc /MP  /D_DEBUG /MDd /Z7 /Ob0 /Od /RTC1  -std:c++17 -MDd
  INCLUDES = -ID:\Proyectos\C++\Hangie\vcpkg_installed\vcpkg\blds\cpr\src\1.10.5-254c19356c.clean\include -ID:\Proyectos\C++\Hangie\vcpkg_installed\vcpkg\blds\cpr\x64-windows-dbg\cpr_generated_includes -external:ID:\Proyectos\C++\Hangie\vcpkg_installed\x64-windows\include -external:W0
  OBJECT_DIR = cpr\CMakeFiles\cpr.dir
  OBJECT_FILE_DIR = cpr\CMakeFiles\cpr.dir
  TARGET_COMPILE_PDB = cpr\CMakeFiles\cpr.dir\cpr.pdb
  TARGET_PDB = lib\cpr.pdb

build cpr\CMakeFiles\cpr.dir\auth.cpp.obj: CXX_COMPILER__cpr_unscanned_Debug D$:\Proyectos\C++\Hangie\vcpkg_installed\vcpkg\blds\cpr\src\1.10.5-254c19356c.clean\cpr\auth.cpp || cmake_object_order_depends_target_cpr
  DEFINES = -DCPR_ENABLE_CURL_HTTP_ONLY -DCPR_ENABLE_SSL -DCPR_USE_SYSTEM_CURL
  FLAGS = /nologo /DWIN32 /D_WINDOWS /utf-8 /GR /EHsc /MP  /D_DEBUG /MDd /Z7 /Ob0 /Od /RTC1  -std:c++17 -MDd
  INCLUDES = -ID:\Proyectos\C++\Hangie\vcpkg_installed\vcpkg\blds\cpr\src\1.10.5-254c19356c.clean\include -ID:\Proyectos\C++\Hangie\vcpkg_installed\vcpkg\blds\cpr\x64-windows-dbg\cpr_generated_includes -external:ID:\Proyectos\C++\Hangie\vcpkg_installed\x64-windows\include -external:W0
  OBJECT_DIR = cpr\CMakeFiles\cpr.dir
  OBJECT_FILE_DIR = cpr\CMakeFiles\cpr.dir
  TARGET_COMPILE_PDB = cpr\CMakeFiles\cpr.dir\cpr.pdb
  TARGET_PDB = lib\cpr.pdb

build cpr\CMakeFiles\cpr.dir\bearer.cpp.obj: CXX_COMPILER__cpr_unscanned_Debug D$:\Proyectos\C++\Hangie\vcpkg_installed\vcpkg\blds\cpr\src\1.10.5-254c19356c.clean\cpr\bearer.cpp || cmake_object_order_depends_target_cpr
  DEFINES = -DCPR_ENABLE_CURL_HTTP_ONLY -DCPR_ENABLE_SSL -DCPR_USE_SYSTEM_CURL
  FLAGS = /nologo /DWIN32 /D_WINDOWS /utf-8 /GR /EHsc /MP  /D_DEBUG /MDd /Z7 /Ob0 /Od /RTC1  -std:c++17 -MDd
  INCLUDES = -ID:\Proyectos\C++\Hangie\vcpkg_installed\vcpkg\blds\cpr\src\1.10.5-254c19356c.clean\include -ID:\Proyectos\C++\Hangie\vcpkg_installed\vcpkg\blds\cpr\x64-windows-dbg\cpr_generated_includes -external:ID:\Proyectos\C++\Hangie\vcpkg_installed\x64-windows\include -external:W0
  OBJECT_DIR = cpr\CMakeFiles\cpr.dir
  OBJECT_FILE_DIR = cpr\CMakeFiles\cpr.dir
  TARGET_COMPILE_PDB = cpr\CMakeFiles\cpr.dir\cpr.pdb
  TARGET_PDB = lib\cpr.pdb

build cpr\CMakeFiles\cpr.dir\callback.cpp.obj: CXX_COMPILER__cpr_unscanned_Debug D$:\Proyectos\C++\Hangie\vcpkg_installed\vcpkg\blds\cpr\src\1.10.5-254c19356c.clean\cpr\callback.cpp || cmake_object_order_depends_target_cpr
  DEFINES = -DCPR_ENABLE_CURL_HTTP_ONLY -DCPR_ENABLE_SSL -DCPR_USE_SYSTEM_CURL
  FLAGS = /nologo /DWIN32 /D_WINDOWS /utf-8 /GR /EHsc /MP  /D_DEBUG /MDd /Z7 /Ob0 /Od /RTC1  -std:c++17 -MDd
  INCLUDES = -ID:\Proyectos\C++\Hangie\vcpkg_installed\vcpkg\blds\cpr\src\1.10.5-254c19356c.clean\include -ID:\Proyectos\C++\Hangie\vcpkg_installed\vcpkg\blds\cpr\x64-windows-dbg\cpr_generated_includes -external:ID:\Proyectos\C++\Hangie\vcpkg_installed\x64-windows\include -external:W0
  OBJECT_DIR = cpr\CMakeFiles\cpr.dir
  OBJECT_FILE_DIR = cpr\CMakeFiles\cpr.dir
  TARGET_COMPILE_PDB = cpr\CMakeFiles\cpr.dir\cpr.pdb
  TARGET_PDB = lib\cpr.pdb

build cpr\CMakeFiles\cpr.dir\cert_info.cpp.obj: CXX_COMPILER__cpr_unscanned_Debug D$:\Proyectos\C++\Hangie\vcpkg_installed\vcpkg\blds\cpr\src\1.10.5-254c19356c.clean\cpr\cert_info.cpp || cmake_object_order_depends_target_cpr
  DEFINES = -DCPR_ENABLE_CURL_HTTP_ONLY -DCPR_ENABLE_SSL -DCPR_USE_SYSTEM_CURL
  FLAGS = /nologo /DWIN32 /D_WINDOWS /utf-8 /GR /EHsc /MP  /D_DEBUG /MDd /Z7 /Ob0 /Od /RTC1  -std:c++17 -MDd
  INCLUDES = -ID:\Proyectos\C++\Hangie\vcpkg_installed\vcpkg\blds\cpr\src\1.10.5-254c19356c.clean\include -ID:\Proyectos\C++\Hangie\vcpkg_installed\vcpkg\blds\cpr\x64-windows-dbg\cpr_generated_includes -external:ID:\Proyectos\C++\Hangie\vcpkg_installed\x64-windows\include -external:W0
  OBJECT_DIR = cpr\CMakeFiles\cpr.dir
  OBJECT_FILE_DIR = cpr\CMakeFiles\cpr.dir
  TARGET_COMPILE_PDB = cpr\CMakeFiles\cpr.dir\cpr.pdb
  TARGET_PDB = lib\cpr.pdb

build cpr\CMakeFiles\cpr.dir\cookies.cpp.obj: CXX_COMPILER__cpr_unscanned_Debug D$:\Proyectos\C++\Hangie\vcpkg_installed\vcpkg\blds\cpr\src\1.10.5-254c19356c.clean\cpr\cookies.cpp || cmake_object_order_depends_target_cpr
  DEFINES = -DCPR_ENABLE_CURL_HTTP_ONLY -DCPR_ENABLE_SSL -DCPR_USE_SYSTEM_CURL
  FLAGS = /nologo /DWIN32 /D_WINDOWS /utf-8 /GR /EHsc /MP  /D_DEBUG /MDd /Z7 /Ob0 /Od /RTC1  -std:c++17 -MDd
  INCLUDES = -ID:\Proyectos\C++\Hangie\vcpkg_installed\vcpkg\blds\cpr\src\1.10.5-254c19356c.clean\include -ID:\Proyectos\C++\Hangie\vcpkg_installed\vcpkg\blds\cpr\x64-windows-dbg\cpr_generated_includes -external:ID:\Proyectos\C++\Hangie\vcpkg_installed\x64-windows\include -external:W0
  OBJECT_DIR = cpr\CMakeFiles\cpr.dir
  OBJECT_FILE_DIR = cpr\CMakeFiles\cpr.dir
  TARGET_COMPILE_PDB = cpr\CMakeFiles\cpr.dir\cpr.pdb
  TARGET_PDB = lib\cpr.pdb

build cpr\CMakeFiles\cpr.dir\cprtypes.cpp.obj: CXX_COMPILER__cpr_unscanned_Debug D$:\Proyectos\C++\Hangie\vcpkg_installed\vcpkg\blds\cpr\src\1.10.5-254c19356c.clean\cpr\cprtypes.cpp || cmake_object_order_depends_target_cpr
  DEFINES = -DCPR_ENABLE_CURL_HTTP_ONLY -DCPR_ENABLE_SSL -DCPR_USE_SYSTEM_CURL
  FLAGS = /nologo /DWIN32 /D_WINDOWS /utf-8 /GR /EHsc /MP  /D_DEBUG /MDd /Z7 /Ob0 /Od /RTC1  -std:c++17 -MDd
  INCLUDES = -ID:\Proyectos\C++\Hangie\vcpkg_installed\vcpkg\blds\cpr\src\1.10.5-254c19356c.clean\include -ID:\Proyectos\C++\Hangie\vcpkg_installed\vcpkg\blds\cpr\x64-windows-dbg\cpr_generated_includes -external:ID:\Proyectos\C++\Hangie\vcpkg_installed\x64-windows\include -external:W0
  OBJECT_DIR = cpr\CMakeFiles\cpr.dir
  OBJECT_FILE_DIR = cpr\CMakeFiles\cpr.dir
  TARGET_COMPILE_PDB = cpr\CMakeFiles\cpr.dir\cpr.pdb
  TARGET_PDB = lib\cpr.pdb

build cpr\CMakeFiles\cpr.dir\curl_container.cpp.obj: CXX_COMPILER__cpr_unscanned_Debug D$:\Proyectos\C++\Hangie\vcpkg_installed\vcpkg\blds\cpr\src\1.10.5-254c19356c.clean\cpr\curl_container.cpp || cmake_object_order_depends_target_cpr
  DEFINES = -DCPR_ENABLE_CURL_HTTP_ONLY -DCPR_ENABLE_SSL -DCPR_USE_SYSTEM_CURL
  FLAGS = /nologo /DWIN32 /D_WINDOWS /utf-8 /GR /EHsc /MP  /D_DEBUG /MDd /Z7 /Ob0 /Od /RTC1  -std:c++17 -MDd
  INCLUDES = -ID:\Proyectos\C++\Hangie\vcpkg_installed\vcpkg\blds\cpr\src\1.10.5-254c19356c.clean\include -ID:\Proyectos\C++\Hangie\vcpkg_installed\vcpkg\blds\cpr\x64-windows-dbg\cpr_generated_includes -external:ID:\Proyectos\C++\Hangie\vcpkg_installed\x64-windows\include -external:W0
  OBJECT_DIR = cpr\CMakeFiles\cpr.dir
  OBJECT_FILE_DIR = cpr\CMakeFiles\cpr.dir
  TARGET_COMPILE_PDB = cpr\CMakeFiles\cpr.dir\cpr.pdb
  TARGET_PDB = lib\cpr.pdb

build cpr\CMakeFiles\cpr.dir\curlholder.cpp.obj: CXX_COMPILER__cpr_unscanned_Debug D$:\Proyectos\C++\Hangie\vcpkg_installed\vcpkg\blds\cpr\src\1.10.5-254c19356c.clean\cpr\curlholder.cpp || cmake_object_order_depends_target_cpr
  DEFINES = -DCPR_ENABLE_CURL_HTTP_ONLY -DCPR_ENABLE_SSL -DCPR_USE_SYSTEM_CURL
  FLAGS = /nologo /DWIN32 /D_WINDOWS /utf-8 /GR /EHsc /MP  /D_DEBUG /MDd /Z7 /Ob0 /Od /RTC1  -std:c++17 -MDd
  INCLUDES = -ID:\Proyectos\C++\Hangie\vcpkg_installed\vcpkg\blds\cpr\src\1.10.5-254c19356c.clean\include -ID:\Proyectos\C++\Hangie\vcpkg_installed\vcpkg\blds\cpr\x64-windows-dbg\cpr_generated_includes -external:ID:\Proyectos\C++\Hangie\vcpkg_installed\x64-windows\include -external:W0
  OBJECT_DIR = cpr\CMakeFiles\cpr.dir
  OBJECT_FILE_DIR = cpr\CMakeFiles\cpr.dir
  TARGET_COMPILE_PDB = cpr\CMakeFiles\cpr.dir\cpr.pdb
  TARGET_PDB = lib\cpr.pdb

build cpr\CMakeFiles\cpr.dir\error.cpp.obj: CXX_COMPILER__cpr_unscanned_Debug D$:\Proyectos\C++\Hangie\vcpkg_installed\vcpkg\blds\cpr\src\1.10.5-254c19356c.clean\cpr\error.cpp || cmake_object_order_depends_target_cpr
  DEFINES = -DCPR_ENABLE_CURL_HTTP_ONLY -DCPR_ENABLE_SSL -DCPR_USE_SYSTEM_CURL
  FLAGS = /nologo /DWIN32 /D_WINDOWS /utf-8 /GR /EHsc /MP  /D_DEBUG /MDd /Z7 /Ob0 /Od /RTC1  -std:c++17 -MDd
  INCLUDES = -ID:\Proyectos\C++\Hangie\vcpkg_installed\vcpkg\blds\cpr\src\1.10.5-254c19356c.clean\include -ID:\Proyectos\C++\Hangie\vcpkg_installed\vcpkg\blds\cpr\x64-windows-dbg\cpr_generated_includes -external:ID:\Proyectos\C++\Hangie\vcpkg_installed\x64-windows\include -external:W0
  OBJECT_DIR = cpr\CMakeFiles\cpr.dir
  OBJECT_FILE_DIR = cpr\CMakeFiles\cpr.dir
  TARGET_COMPILE_PDB = cpr\CMakeFiles\cpr.dir\cpr.pdb
  TARGET_PDB = lib\cpr.pdb

build cpr\CMakeFiles\cpr.dir\file.cpp.obj: CXX_COMPILER__cpr_unscanned_Debug D$:\Proyectos\C++\Hangie\vcpkg_installed\vcpkg\blds\cpr\src\1.10.5-254c19356c.clean\cpr\file.cpp || cmake_object_order_depends_target_cpr
  DEFINES = -DCPR_ENABLE_CURL_HTTP_ONLY -DCPR_ENABLE_SSL -DCPR_USE_SYSTEM_CURL
  FLAGS = /nologo /DWIN32 /D_WINDOWS /utf-8 /GR /EHsc /MP  /D_DEBUG /MDd /Z7 /Ob0 /Od /RTC1  -std:c++17 -MDd
  INCLUDES = -ID:\Proyectos\C++\Hangie\vcpkg_installed\vcpkg\blds\cpr\src\1.10.5-254c19356c.clean\include -ID:\Proyectos\C++\Hangie\vcpkg_installed\vcpkg\blds\cpr\x64-windows-dbg\cpr_generated_includes -external:ID:\Proyectos\C++\Hangie\vcpkg_installed\x64-windows\include -external:W0
  OBJECT_DIR = cpr\CMakeFiles\cpr.dir
  OBJECT_FILE_DIR = cpr\CMakeFiles\cpr.dir
  TARGET_COMPILE_PDB = cpr\CMakeFiles\cpr.dir\cpr.pdb
  TARGET_PDB = lib\cpr.pdb

build cpr\CMakeFiles\cpr.dir\multipart.cpp.obj: CXX_COMPILER__cpr_unscanned_Debug D$:\Proyectos\C++\Hangie\vcpkg_installed\vcpkg\blds\cpr\src\1.10.5-254c19356c.clean\cpr\multipart.cpp || cmake_object_order_depends_target_cpr
  DEFINES = -DCPR_ENABLE_CURL_HTTP_ONLY -DCPR_ENABLE_SSL -DCPR_USE_SYSTEM_CURL
  FLAGS = /nologo /DWIN32 /D_WINDOWS /utf-8 /GR /EHsc /MP  /D_DEBUG /MDd /Z7 /Ob0 /Od /RTC1  -std:c++17 -MDd
  INCLUDES = -ID:\Proyectos\C++\Hangie\vcpkg_installed\vcpkg\blds\cpr\src\1.10.5-254c19356c.clean\include -ID:\Proyectos\C++\Hangie\vcpkg_installed\vcpkg\blds\cpr\x64-windows-dbg\cpr_generated_includes -external:ID:\Proyectos\C++\Hangie\vcpkg_installed\x64-windows\include -external:W0
  OBJECT_DIR = cpr\CMakeFiles\cpr.dir
  OBJECT_FILE_DIR = cpr\CMakeFiles\cpr.dir
  TARGET_COMPILE_PDB = cpr\CMakeFiles\cpr.dir\cpr.pdb
  TARGET_PDB = lib\cpr.pdb

build cpr\CMakeFiles\cpr.dir\parameters.cpp.obj: CXX_COMPILER__cpr_unscanned_Debug D$:\Proyectos\C++\Hangie\vcpkg_installed\vcpkg\blds\cpr\src\1.10.5-254c19356c.clean\cpr\parameters.cpp || cmake_object_order_depends_target_cpr
  DEFINES = -DCPR_ENABLE_CURL_HTTP_ONLY -DCPR_ENABLE_SSL -DCPR_USE_SYSTEM_CURL
  FLAGS = /nologo /DWIN32 /D_WINDOWS /utf-8 /GR /EHsc /MP  /D_DEBUG /MDd /Z7 /Ob0 /Od /RTC1  -std:c++17 -MDd
  INCLUDES = -ID:\Proyectos\C++\Hangie\vcpkg_installed\vcpkg\blds\cpr\src\1.10.5-254c19356c.clean\include -ID:\Proyectos\C++\Hangie\vcpkg_installed\vcpkg\blds\cpr\x64-windows-dbg\cpr_generated_includes -external:ID:\Proyectos\C++\Hangie\vcpkg_installed\x64-windows\include -external:W0
  OBJECT_DIR = cpr\CMakeFiles\cpr.dir
  OBJECT_FILE_DIR = cpr\CMakeFiles\cpr.dir
  TARGET_COMPILE_PDB = cpr\CMakeFiles\cpr.dir\cpr.pdb
  TARGET_PDB = lib\cpr.pdb

build cpr\CMakeFiles\cpr.dir\payload.cpp.obj: CXX_COMPILER__cpr_unscanned_Debug D$:\Proyectos\C++\Hangie\vcpkg_installed\vcpkg\blds\cpr\src\1.10.5-254c19356c.clean\cpr\payload.cpp || cmake_object_order_depends_target_cpr
  DEFINES = -DCPR_ENABLE_CURL_HTTP_ONLY -DCPR_ENABLE_SSL -DCPR_USE_SYSTEM_CURL
  FLAGS = /nologo /DWIN32 /D_WINDOWS /utf-8 /GR /EHsc /MP  /D_DEBUG /MDd /Z7 /Ob0 /Od /RTC1  -std:c++17 -MDd
  INCLUDES = -ID:\Proyectos\C++\Hangie\vcpkg_installed\vcpkg\blds\cpr\src\1.10.5-254c19356c.clean\include -ID:\Proyectos\C++\Hangie\vcpkg_installed\vcpkg\blds\cpr\x64-windows-dbg\cpr_generated_includes -external:ID:\Proyectos\C++\Hangie\vcpkg_installed\x64-windows\include -external:W0
  OBJECT_DIR = cpr\CMakeFiles\cpr.dir
  OBJECT_FILE_DIR = cpr\CMakeFiles\cpr.dir
  TARGET_COMPILE_PDB = cpr\CMakeFiles\cpr.dir\cpr.pdb
  TARGET_PDB = lib\cpr.pdb

build cpr\CMakeFiles\cpr.dir\proxies.cpp.obj: CXX_COMPILER__cpr_unscanned_Debug D$:\Proyectos\C++\Hangie\vcpkg_installed\vcpkg\blds\cpr\src\1.10.5-254c19356c.clean\cpr\proxies.cpp || cmake_object_order_depends_target_cpr
  DEFINES = -DCPR_ENABLE_CURL_HTTP_ONLY -DCPR_ENABLE_SSL -DCPR_USE_SYSTEM_CURL
  FLAGS = /nologo /DWIN32 /D_WINDOWS /utf-8 /GR /EHsc /MP  /D_DEBUG /MDd /Z7 /Ob0 /Od /RTC1  -std:c++17 -MDd
  INCLUDES = -ID:\Proyectos\C++\Hangie\vcpkg_installed\vcpkg\blds\cpr\src\1.10.5-254c19356c.clean\include -ID:\Proyectos\C++\Hangie\vcpkg_installed\vcpkg\blds\cpr\x64-windows-dbg\cpr_generated_includes -external:ID:\Proyectos\C++\Hangie\vcpkg_installed\x64-windows\include -external:W0
  OBJECT_DIR = cpr\CMakeFiles\cpr.dir
  OBJECT_FILE_DIR = cpr\CMakeFiles\cpr.dir
  TARGET_COMPILE_PDB = cpr\CMakeFiles\cpr.dir\cpr.pdb
  TARGET_PDB = lib\cpr.pdb

build cpr\CMakeFiles\cpr.dir\proxyauth.cpp.obj: CXX_COMPILER__cpr_unscanned_Debug D$:\Proyectos\C++\Hangie\vcpkg_installed\vcpkg\blds\cpr\src\1.10.5-254c19356c.clean\cpr\proxyauth.cpp || cmake_object_order_depends_target_cpr
  DEFINES = -DCPR_ENABLE_CURL_HTTP_ONLY -DCPR_ENABLE_SSL -DCPR_USE_SYSTEM_CURL
  FLAGS = /nologo /DWIN32 /D_WINDOWS /utf-8 /GR /EHsc /MP  /D_DEBUG /MDd /Z7 /Ob0 /Od /RTC1  -std:c++17 -MDd
  INCLUDES = -ID:\Proyectos\C++\Hangie\vcpkg_installed\vcpkg\blds\cpr\src\1.10.5-254c19356c.clean\include -ID:\Proyectos\C++\Hangie\vcpkg_installed\vcpkg\blds\cpr\x64-windows-dbg\cpr_generated_includes -external:ID:\Proyectos\C++\Hangie\vcpkg_installed\x64-windows\include -external:W0
  OBJECT_DIR = cpr\CMakeFiles\cpr.dir
  OBJECT_FILE_DIR = cpr\CMakeFiles\cpr.dir
  TARGET_COMPILE_PDB = cpr\CMakeFiles\cpr.dir\cpr.pdb
  TARGET_PDB = lib\cpr.pdb

build cpr\CMakeFiles\cpr.dir\session.cpp.obj: CXX_COMPILER__cpr_unscanned_Debug D$:\Proyectos\C++\Hangie\vcpkg_installed\vcpkg\blds\cpr\src\1.10.5-254c19356c.clean\cpr\session.cpp || cmake_object_order_depends_target_cpr
  DEFINES = -DCPR_ENABLE_CURL_HTTP_ONLY -DCPR_ENABLE_SSL -DCPR_USE_SYSTEM_CURL
  FLAGS = /nologo /DWIN32 /D_WINDOWS /utf-8 /GR /EHsc /MP  /D_DEBUG /MDd /Z7 /Ob0 /Od /RTC1  -std:c++17 -MDd
  INCLUDES = -ID:\Proyectos\C++\Hangie\vcpkg_installed\vcpkg\blds\cpr\src\1.10.5-254c19356c.clean\include -ID:\Proyectos\C++\Hangie\vcpkg_installed\vcpkg\blds\cpr\x64-windows-dbg\cpr_generated_includes -external:ID:\Proyectos\C++\Hangie\vcpkg_installed\x64-windows\include -external:W0
  OBJECT_DIR = cpr\CMakeFiles\cpr.dir
  OBJECT_FILE_DIR = cpr\CMakeFiles\cpr.dir
  TARGET_COMPILE_PDB = cpr\CMakeFiles\cpr.dir\cpr.pdb
  TARGET_PDB = lib\cpr.pdb

build cpr\CMakeFiles\cpr.dir\threadpool.cpp.obj: CXX_COMPILER__cpr_unscanned_Debug D$:\Proyectos\C++\Hangie\vcpkg_installed\vcpkg\blds\cpr\src\1.10.5-254c19356c.clean\cpr\threadpool.cpp || cmake_object_order_depends_target_cpr
  DEFINES = -DCPR_ENABLE_CURL_HTTP_ONLY -DCPR_ENABLE_SSL -DCPR_USE_SYSTEM_CURL
  FLAGS = /nologo /DWIN32 /D_WINDOWS /utf-8 /GR /EHsc /MP  /D_DEBUG /MDd /Z7 /Ob0 /Od /RTC1  -std:c++17 -MDd
  INCLUDES = -ID:\Proyectos\C++\Hangie\vcpkg_installed\vcpkg\blds\cpr\src\1.10.5-254c19356c.clean\include -ID:\Proyectos\C++\Hangie\vcpkg_installed\vcpkg\blds\cpr\x64-windows-dbg\cpr_generated_includes -external:ID:\Proyectos\C++\Hangie\vcpkg_installed\x64-windows\include -external:W0
  OBJECT_DIR = cpr\CMakeFiles\cpr.dir
  OBJECT_FILE_DIR = cpr\CMakeFiles\cpr.dir
  TARGET_COMPILE_PDB = cpr\CMakeFiles\cpr.dir\cpr.pdb
  TARGET_PDB = lib\cpr.pdb

build cpr\CMakeFiles\cpr.dir\timeout.cpp.obj: CXX_COMPILER__cpr_unscanned_Debug D$:\Proyectos\C++\Hangie\vcpkg_installed\vcpkg\blds\cpr\src\1.10.5-254c19356c.clean\cpr\timeout.cpp || cmake_object_order_depends_target_cpr
  DEFINES = -DCPR_ENABLE_CURL_HTTP_ONLY -DCPR_ENABLE_SSL -DCPR_USE_SYSTEM_CURL
  FLAGS = /nologo /DWIN32 /D_WINDOWS /utf-8 /GR /EHsc /MP  /D_DEBUG /MDd /Z7 /Ob0 /Od /RTC1  -std:c++17 -MDd
  INCLUDES = -ID:\Proyectos\C++\Hangie\vcpkg_installed\vcpkg\blds\cpr\src\1.10.5-254c19356c.clean\include -ID:\Proyectos\C++\Hangie\vcpkg_installed\vcpkg\blds\cpr\x64-windows-dbg\cpr_generated_includes -external:ID:\Proyectos\C++\Hangie\vcpkg_installed\x64-windows\include -external:W0
  OBJECT_DIR = cpr\CMakeFiles\cpr.dir
  OBJECT_FILE_DIR = cpr\CMakeFiles\cpr.dir
  TARGET_COMPILE_PDB = cpr\CMakeFiles\cpr.dir\cpr.pdb
  TARGET_PDB = lib\cpr.pdb

build cpr\CMakeFiles\cpr.dir\unix_socket.cpp.obj: CXX_COMPILER__cpr_unscanned_Debug D$:\Proyectos\C++\Hangie\vcpkg_installed\vcpkg\blds\cpr\src\1.10.5-254c19356c.clean\cpr\unix_socket.cpp || cmake_object_order_depends_target_cpr
  DEFINES = -DCPR_ENABLE_CURL_HTTP_ONLY -DCPR_ENABLE_SSL -DCPR_USE_SYSTEM_CURL
  FLAGS = /nologo /DWIN32 /D_WINDOWS /utf-8 /GR /EHsc /MP  /D_DEBUG /MDd /Z7 /Ob0 /Od /RTC1  -std:c++17 -MDd
  INCLUDES = -ID:\Proyectos\C++\Hangie\vcpkg_installed\vcpkg\blds\cpr\src\1.10.5-254c19356c.clean\include -ID:\Proyectos\C++\Hangie\vcpkg_installed\vcpkg\blds\cpr\x64-windows-dbg\cpr_generated_includes -external:ID:\Proyectos\C++\Hangie\vcpkg_installed\x64-windows\include -external:W0
  OBJECT_DIR = cpr\CMakeFiles\cpr.dir
  OBJECT_FILE_DIR = cpr\CMakeFiles\cpr.dir
  TARGET_COMPILE_PDB = cpr\CMakeFiles\cpr.dir\cpr.pdb
  TARGET_PDB = lib\cpr.pdb

build cpr\CMakeFiles\cpr.dir\util.cpp.obj: CXX_COMPILER__cpr_unscanned_Debug D$:\Proyectos\C++\Hangie\vcpkg_installed\vcpkg\blds\cpr\src\1.10.5-254c19356c.clean\cpr\util.cpp || cmake_object_order_depends_target_cpr
  DEFINES = -DCPR_ENABLE_CURL_HTTP_ONLY -DCPR_ENABLE_SSL -DCPR_USE_SYSTEM_CURL
  FLAGS = /nologo /DWIN32 /D_WINDOWS /utf-8 /GR /EHsc /MP  /D_DEBUG /MDd /Z7 /Ob0 /Od /RTC1  -std:c++17 -MDd
  INCLUDES = -ID:\Proyectos\C++\Hangie\vcpkg_installed\vcpkg\blds\cpr\src\1.10.5-254c19356c.clean\include -ID:\Proyectos\C++\Hangie\vcpkg_installed\vcpkg\blds\cpr\x64-windows-dbg\cpr_generated_includes -external:ID:\Proyectos\C++\Hangie\vcpkg_installed\x64-windows\include -external:W0
  OBJECT_DIR = cpr\CMakeFiles\cpr.dir
  OBJECT_FILE_DIR = cpr\CMakeFiles\cpr.dir
  TARGET_COMPILE_PDB = cpr\CMakeFiles\cpr.dir\cpr.pdb
  TARGET_PDB = lib\cpr.pdb

build cpr\CMakeFiles\cpr.dir\response.cpp.obj: CXX_COMPILER__cpr_unscanned_Debug D$:\Proyectos\C++\Hangie\vcpkg_installed\vcpkg\blds\cpr\src\1.10.5-254c19356c.clean\cpr\response.cpp || cmake_object_order_depends_target_cpr
  DEFINES = -DCPR_ENABLE_CURL_HTTP_ONLY -DCPR_ENABLE_SSL -DCPR_USE_SYSTEM_CURL
  FLAGS = /nologo /DWIN32 /D_WINDOWS /utf-8 /GR /EHsc /MP  /D_DEBUG /MDd /Z7 /Ob0 /Od /RTC1  -std:c++17 -MDd
  INCLUDES = -ID:\Proyectos\C++\Hangie\vcpkg_installed\vcpkg\blds\cpr\src\1.10.5-254c19356c.clean\include -ID:\Proyectos\C++\Hangie\vcpkg_installed\vcpkg\blds\cpr\x64-windows-dbg\cpr_generated_includes -external:ID:\Proyectos\C++\Hangie\vcpkg_installed\x64-windows\include -external:W0
  OBJECT_DIR = cpr\CMakeFiles\cpr.dir
  OBJECT_FILE_DIR = cpr\CMakeFiles\cpr.dir
  TARGET_COMPILE_PDB = cpr\CMakeFiles\cpr.dir\cpr.pdb
  TARGET_PDB = lib\cpr.pdb

build cpr\CMakeFiles\cpr.dir\redirect.cpp.obj: CXX_COMPILER__cpr_unscanned_Debug D$:\Proyectos\C++\Hangie\vcpkg_installed\vcpkg\blds\cpr\src\1.10.5-254c19356c.clean\cpr\redirect.cpp || cmake_object_order_depends_target_cpr
  DEFINES = -DCPR_ENABLE_CURL_HTTP_ONLY -DCPR_ENABLE_SSL -DCPR_USE_SYSTEM_CURL
  FLAGS = /nologo /DWIN32 /D_WINDOWS /utf-8 /GR /EHsc /MP  /D_DEBUG /MDd /Z7 /Ob0 /Od /RTC1  -std:c++17 -MDd
  INCLUDES = -ID:\Proyectos\C++\Hangie\vcpkg_installed\vcpkg\blds\cpr\src\1.10.5-254c19356c.clean\include -ID:\Proyectos\C++\Hangie\vcpkg_installed\vcpkg\blds\cpr\x64-windows-dbg\cpr_generated_includes -external:ID:\Proyectos\C++\Hangie\vcpkg_installed\x64-windows\include -external:W0
  OBJECT_DIR = cpr\CMakeFiles\cpr.dir
  OBJECT_FILE_DIR = cpr\CMakeFiles\cpr.dir
  TARGET_COMPILE_PDB = cpr\CMakeFiles\cpr.dir\cpr.pdb
  TARGET_PDB = lib\cpr.pdb

build cpr\CMakeFiles\cpr.dir\interceptor.cpp.obj: CXX_COMPILER__cpr_unscanned_Debug D$:\Proyectos\C++\Hangie\vcpkg_installed\vcpkg\blds\cpr\src\1.10.5-254c19356c.clean\cpr\interceptor.cpp || cmake_object_order_depends_target_cpr
  DEFINES = -DCPR_ENABLE_CURL_HTTP_ONLY -DCPR_ENABLE_SSL -DCPR_USE_SYSTEM_CURL
  FLAGS = /nologo /DWIN32 /D_WINDOWS /utf-8 /GR /EHsc /MP  /D_DEBUG /MDd /Z7 /Ob0 /Od /RTC1  -std:c++17 -MDd
  INCLUDES = -ID:\Proyectos\C++\Hangie\vcpkg_installed\vcpkg\blds\cpr\src\1.10.5-254c19356c.clean\include -ID:\Proyectos\C++\Hangie\vcpkg_installed\vcpkg\blds\cpr\x64-windows-dbg\cpr_generated_includes -external:ID:\Proyectos\C++\Hangie\vcpkg_installed\x64-windows\include -external:W0
  OBJECT_DIR = cpr\CMakeFiles\cpr.dir
  OBJECT_FILE_DIR = cpr\CMakeFiles\cpr.dir
  TARGET_COMPILE_PDB = cpr\CMakeFiles\cpr.dir\cpr.pdb
  TARGET_PDB = lib\cpr.pdb

build cpr\CMakeFiles\cpr.dir\ssl_ctx.cpp.obj: CXX_COMPILER__cpr_unscanned_Debug D$:\Proyectos\C++\Hangie\vcpkg_installed\vcpkg\blds\cpr\src\1.10.5-254c19356c.clean\cpr\ssl_ctx.cpp || cmake_object_order_depends_target_cpr
  DEFINES = -DCPR_ENABLE_CURL_HTTP_ONLY -DCPR_ENABLE_SSL -DCPR_USE_SYSTEM_CURL
  FLAGS = /nologo /DWIN32 /D_WINDOWS /utf-8 /GR /EHsc /MP  /D_DEBUG /MDd /Z7 /Ob0 /Od /RTC1  -std:c++17 -MDd
  INCLUDES = -ID:\Proyectos\C++\Hangie\vcpkg_installed\vcpkg\blds\cpr\src\1.10.5-254c19356c.clean\include -ID:\Proyectos\C++\Hangie\vcpkg_installed\vcpkg\blds\cpr\x64-windows-dbg\cpr_generated_includes -external:ID:\Proyectos\C++\Hangie\vcpkg_installed\x64-windows\include -external:W0
  OBJECT_DIR = cpr\CMakeFiles\cpr.dir
  OBJECT_FILE_DIR = cpr\CMakeFiles\cpr.dir
  TARGET_COMPILE_PDB = cpr\CMakeFiles\cpr.dir\cpr.pdb
  TARGET_PDB = lib\cpr.pdb

build cpr\CMakeFiles\cpr.dir\curlmultiholder.cpp.obj: CXX_COMPILER__cpr_unscanned_Debug D$:\Proyectos\C++\Hangie\vcpkg_installed\vcpkg\blds\cpr\src\1.10.5-254c19356c.clean\cpr\curlmultiholder.cpp || cmake_object_order_depends_target_cpr
  DEFINES = -DCPR_ENABLE_CURL_HTTP_ONLY -DCPR_ENABLE_SSL -DCPR_USE_SYSTEM_CURL
  FLAGS = /nologo /DWIN32 /D_WINDOWS /utf-8 /GR /EHsc /MP  /D_DEBUG /MDd /Z7 /Ob0 /Od /RTC1  -std:c++17 -MDd
  INCLUDES = -ID:\Proyectos\C++\Hangie\vcpkg_installed\vcpkg\blds\cpr\src\1.10.5-254c19356c.clean\include -ID:\Proyectos\C++\Hangie\vcpkg_installed\vcpkg\blds\cpr\x64-windows-dbg\cpr_generated_includes -external:ID:\Proyectos\C++\Hangie\vcpkg_installed\x64-windows\include -external:W0
  OBJECT_DIR = cpr\CMakeFiles\cpr.dir
  OBJECT_FILE_DIR = cpr\CMakeFiles\cpr.dir
  TARGET_COMPILE_PDB = cpr\CMakeFiles\cpr.dir\cpr.pdb
  TARGET_PDB = lib\cpr.pdb

build cpr\CMakeFiles\cpr.dir\multiperform.cpp.obj: CXX_COMPILER__cpr_unscanned_Debug D$:\Proyectos\C++\Hangie\vcpkg_installed\vcpkg\blds\cpr\src\1.10.5-254c19356c.clean\cpr\multiperform.cpp || cmake_object_order_depends_target_cpr
  DEFINES = -DCPR_ENABLE_CURL_HTTP_ONLY -DCPR_ENABLE_SSL -DCPR_USE_SYSTEM_CURL
  FLAGS = /nologo /DWIN32 /D_WINDOWS /utf-8 /GR /EHsc /MP  /D_DEBUG /MDd /Z7 /Ob0 /Od /RTC1  -std:c++17 -MDd
  INCLUDES = -ID:\Proyectos\C++\Hangie\vcpkg_installed\vcpkg\blds\cpr\src\1.10.5-254c19356c.clean\include -ID:\Proyectos\C++\Hangie\vcpkg_installed\vcpkg\blds\cpr\x64-windows-dbg\cpr_generated_includes -external:ID:\Proyectos\C++\Hangie\vcpkg_installed\x64-windows\include -external:W0
  OBJECT_DIR = cpr\CMakeFiles\cpr.dir
  OBJECT_FILE_DIR = cpr\CMakeFiles\cpr.dir
  TARGET_COMPILE_PDB = cpr\CMakeFiles\cpr.dir\cpr.pdb
  TARGET_PDB = lib\cpr.pdb


# =============================================================================
# Link build statements for STATIC_LIBRARY target cpr


#############################################
# Link the static library lib\cpr.lib

build lib\cpr.lib: CXX_STATIC_LIBRARY_LINKER__cpr_Debug cpr\CMakeFiles\cpr.dir\accept_encoding.cpp.obj cpr\CMakeFiles\cpr.dir\async.cpp.obj cpr\CMakeFiles\cpr.dir\auth.cpp.obj cpr\CMakeFiles\cpr.dir\bearer.cpp.obj cpr\CMakeFiles\cpr.dir\callback.cpp.obj cpr\CMakeFiles\cpr.dir\cert_info.cpp.obj cpr\CMakeFiles\cpr.dir\cookies.cpp.obj cpr\CMakeFiles\cpr.dir\cprtypes.cpp.obj cpr\CMakeFiles\cpr.dir\curl_container.cpp.obj cpr\CMakeFiles\cpr.dir\curlholder.cpp.obj cpr\CMakeFiles\cpr.dir\error.cpp.obj cpr\CMakeFiles\cpr.dir\file.cpp.obj cpr\CMakeFiles\cpr.dir\multipart.cpp.obj cpr\CMakeFiles\cpr.dir\parameters.cpp.obj cpr\CMakeFiles\cpr.dir\payload.cpp.obj cpr\CMakeFiles\cpr.dir\proxies.cpp.obj cpr\CMakeFiles\cpr.dir\proxyauth.cpp.obj cpr\CMakeFiles\cpr.dir\session.cpp.obj cpr\CMakeFiles\cpr.dir\threadpool.cpp.obj cpr\CMakeFiles\cpr.dir\timeout.cpp.obj cpr\CMakeFiles\cpr.dir\unix_socket.cpp.obj cpr\CMakeFiles\cpr.dir\util.cpp.obj cpr\CMakeFiles\cpr.dir\response.cpp.obj cpr\CMakeFiles\cpr.dir\redirect.cpp.obj cpr\CMakeFiles\cpr.dir\interceptor.cpp.obj cpr\CMakeFiles\cpr.dir\ssl_ctx.cpp.obj cpr\CMakeFiles\cpr.dir\curlmultiholder.cpp.obj cpr\CMakeFiles\cpr.dir\multiperform.cpp.obj
  LANGUAGE_COMPILE_FLAGS = /nologo /DWIN32 /D_WINDOWS /utf-8 /GR /EHsc /MP  /D_DEBUG /MDd /Z7 /Ob0 /Od /RTC1  -MDd
  LINK_FLAGS = /machine:x64 /nologo
  OBJECT_DIR = cpr\CMakeFiles\cpr.dir
  POST_BUILD = cd .
  PRE_LINK = cd .
  TARGET_COMPILE_PDB = cpr\CMakeFiles\cpr.dir\cpr.pdb
  TARGET_FILE = lib\cpr.lib
  TARGET_PDB = lib\cpr.pdb


#############################################
# Utility command for edit_cache

build cpr\CMakeFiles\edit_cache.util: CUSTOM_COMMAND
  COMMAND = C:\Windows\system32\cmd.exe /C "cd /D D:\Proyectos\C++\Hangie\vcpkg_installed\vcpkg\blds\cpr\x64-windows-dbg\cpr && "C:\Program Files\Microsoft Visual Studio\2022\Community\Common7\IDE\CommonExtensions\Microsoft\CMake\CMake\bin\cmake.exe" -E echo "No interactive CMake dialog available.""
  DESC = No interactive CMake dialog available...
  restat = 1

build cpr\edit_cache: phony cpr\CMakeFiles\edit_cache.util


#############################################
# Utility command for rebuild_cache

build cpr\CMakeFiles\rebuild_cache.util: CUSTOM_COMMAND
  COMMAND = C:\Windows\system32\cmd.exe /C "cd /D D:\Proyectos\C++\Hangie\vcpkg_installed\vcpkg\blds\cpr\x64-windows-dbg\cpr && "C:\Program Files\Microsoft Visual Studio\2022\Community\Common7\IDE\CommonExtensions\Microsoft\CMake\CMake\bin\cmake.exe" --regenerate-during-build -SD:\Proyectos\C++\Hangie\vcpkg_installed\vcpkg\blds\cpr\src\1.10.5-254c19356c.clean -BD:\Proyectos\C++\Hangie\vcpkg_installed\vcpkg\blds\cpr\x64-windows-dbg"
  DESC = Running CMake to regenerate build system...
  pool = console
  restat = 1

build cpr\rebuild_cache: phony cpr\CMakeFiles\rebuild_cache.util


#############################################
# Utility command for list_install_components

build cpr\list_install_components: phony


#############################################
# Utility command for install

build cpr\CMakeFiles\install.util: CUSTOM_COMMAND cpr\all
  COMMAND = C:\Windows\system32\cmd.exe /C "cd /D D:\Proyectos\C++\Hangie\vcpkg_installed\vcpkg\blds\cpr\x64-windows-dbg\cpr && "C:\Program Files\Microsoft Visual Studio\2022\Community\Common7\IDE\CommonExtensions\Microsoft\CMake\CMake\bin\cmake.exe" -P cmake_install.cmake"
  DESC = Install the project...
  pool = console
  restat = 1

build cpr\install: phony cpr\CMakeFiles\install.util


#############################################
# Utility command for install/local

build cpr\CMakeFiles\install\local.util: CUSTOM_COMMAND cpr\all
  COMMAND = C:\Windows\system32\cmd.exe /C "cd /D D:\Proyectos\C++\Hangie\vcpkg_installed\vcpkg\blds\cpr\x64-windows-dbg\cpr && "C:\Program Files\Microsoft Visual Studio\2022\Community\Common7\IDE\CommonExtensions\Microsoft\CMake\CMake\bin\cmake.exe" -DCMAKE_INSTALL_LOCAL_ONLY=1 -P cmake_install.cmake"
  DESC = Installing only the local directory...
  pool = console
  restat = 1

build cpr\install\local: phony cpr\CMakeFiles\install\local.util

# =============================================================================
# Write statements declared in CMakeLists.txt:
# D:/Proyectos/C++/Hangie/vcpkg_installed/vcpkg/blds/cpr/src/1.10.5-254c19356c.clean/CMakeLists.txt
# =============================================================================


#############################################
# Utility command for edit_cache

build include\CMakeFiles\edit_cache.util: CUSTOM_COMMAND
  COMMAND = C:\Windows\system32\cmd.exe /C "cd /D D:\Proyectos\C++\Hangie\vcpkg_installed\vcpkg\blds\cpr\x64-windows-dbg\include && "C:\Program Files\Microsoft Visual Studio\2022\Community\Common7\IDE\CommonExtensions\Microsoft\CMake\CMake\bin\cmake.exe" -E echo "No interactive CMake dialog available.""
  DESC = No interactive CMake dialog available...
  restat = 1

build include\edit_cache: phony include\CMakeFiles\edit_cache.util


#############################################
# Utility command for rebuild_cache

build include\CMakeFiles\rebuild_cache.util: CUSTOM_COMMAND
  COMMAND = C:\Windows\system32\cmd.exe /C "cd /D D:\Proyectos\C++\Hangie\vcpkg_installed\vcpkg\blds\cpr\x64-windows-dbg\include && "C:\Program Files\Microsoft Visual Studio\2022\Community\Common7\IDE\CommonExtensions\Microsoft\CMake\CMake\bin\cmake.exe" --regenerate-during-build -SD:\Proyectos\C++\Hangie\vcpkg_installed\vcpkg\blds\cpr\src\1.10.5-254c19356c.clean -BD:\Proyectos\C++\Hangie\vcpkg_installed\vcpkg\blds\cpr\x64-windows-dbg"
  DESC = Running CMake to regenerate build system...
  pool = console
  restat = 1

build include\rebuild_cache: phony include\CMakeFiles\rebuild_cache.util


#############################################
# Utility command for list_install_components

build include\list_install_components: phony


#############################################
# Utility command for install

build include\CMakeFiles\install.util: CUSTOM_COMMAND include\all
  COMMAND = C:\Windows\system32\cmd.exe /C "cd /D D:\Proyectos\C++\Hangie\vcpkg_installed\vcpkg\blds\cpr\x64-windows-dbg\include && "C:\Program Files\Microsoft Visual Studio\2022\Community\Common7\IDE\CommonExtensions\Microsoft\CMake\CMake\bin\cmake.exe" -P cmake_install.cmake"
  DESC = Install the project...
  pool = console
  restat = 1

build include\install: phony include\CMakeFiles\install.util


#############################################
# Utility command for install/local

build include\CMakeFiles\install\local.util: CUSTOM_COMMAND include\all
  COMMAND = C:\Windows\system32\cmd.exe /C "cd /D D:\Proyectos\C++\Hangie\vcpkg_installed\vcpkg\blds\cpr\x64-windows-dbg\include && "C:\Program Files\Microsoft Visual Studio\2022\Community\Common7\IDE\CommonExtensions\Microsoft\CMake\CMake\bin\cmake.exe" -DCMAKE_INSTALL_LOCAL_ONLY=1 -P cmake_install.cmake"
  DESC = Installing only the local directory...
  pool = console
  restat = 1

build include\install\local: phony include\CMakeFiles\install\local.util

# =============================================================================
# Target aliases.

build cpr: phony lib\cpr.lib

build cpr.lib: phony lib\cpr.lib

# =============================================================================
# Folder targets.

# =============================================================================

#############################################
# Folder: D:/Proyectos/C++/Hangie/vcpkg_installed/vcpkg/blds/cpr/x64-windows-dbg

build all: phony cpr\all include\all

# =============================================================================

#############################################
# Folder: D:/Proyectos/C++/Hangie/vcpkg_installed/vcpkg/blds/cpr/x64-windows-dbg/cpr

build cpr\all: phony lib\cpr.lib

# =============================================================================

#############################################
# Folder: D:/Proyectos/C++/Hangie/vcpkg_installed/vcpkg/blds/cpr/x64-windows-dbg/include

build include\all: phony

# =============================================================================
# Built-in targets


#############################################
# Re-run CMake if any of its inputs changed.

build build.ninja: RERUN_CMAKE | C$:\Program$ Files\Microsoft$ Visual$ Studio\2022\Community\Common7\IDE\CommonExtensions\Microsoft\CMake\CMake\share\cmake-3.29\Modules\BasicConfigVersion-ExactVersion.cmake.in C$:\Program$ Files\Microsoft$ Visual$ Studio\2022\Community\Common7\IDE\CommonExtensions\Microsoft\CMake\CMake\share\cmake-3.29\Modules\CMakeCXXCompiler.cmake.in C$:\Program$ Files\Microsoft$ Visual$ Studio\2022\Community\Common7\IDE\CommonExtensions\Microsoft\CMake\CMake\share\cmake-3.29\Modules\CMakeCXXCompilerABI.cpp C$:\Program$ Files\Microsoft$ Visual$ Studio\2022\Community\Common7\IDE\CommonExtensions\Microsoft\CMake\CMake\share\cmake-3.29\Modules\CMakeCXXInformation.cmake C$:\Program$ Files\Microsoft$ Visual$ Studio\2022\Community\Common7\IDE\CommonExtensions\Microsoft\CMake\CMake\share\cmake-3.29\Modules\CMakeCheckCompilerFlagCommonPatterns.cmake C$:\Program$ Files\Microsoft$ Visual$ Studio\2022\Community\Common7\IDE\CommonExtensions\Microsoft\CMake\CMake\share\cmake-3.29\Modules\CMakeCommonLanguageInclude.cmake C$:\Program$ Files\Microsoft$ Visual$ Studio\2022\Community\Common7\IDE\CommonExtensions\Microsoft\CMake\CMake\share\cmake-3.29\Modules\CMakeCompilerIdDetection.cmake C$:\Program$ Files\Microsoft$ Visual$ Studio\2022\Community\Common7\IDE\CommonExtensions\Microsoft\CMake\CMake\share\cmake-3.29\Modules\CMakeDependentOption.cmake C$:\Program$ Files\Microsoft$ Visual$ Studio\2022\Community\Common7\IDE\CommonExtensions\Microsoft\CMake\CMake\share\cmake-3.29\Modules\CMakeDetermineCXXCompiler.cmake C$:\Program$ Files\Microsoft$ Visual$ Studio\2022\Community\Common7\IDE\CommonExtensions\Microsoft\CMake\CMake\share\cmake-3.29\Modules\CMakeDetermineCompileFeatures.cmake C$:\Program$ Files\Microsoft$ Visual$ Studio\2022\Community\Common7\IDE\CommonExtensions\Microsoft\CMake\CMake\share\cmake-3.29\Modules\CMakeDetermineCompiler.cmake C$:\Program$ Files\Microsoft$ Visual$ Studio\2022\Community\Common7\IDE\CommonExtensions\Microsoft\CMake\CMake\share\cmake-3.29\Modules\CMakeDetermineCompilerABI.cmake C$:\Program$ Files\Microsoft$ Visual$ Studio\2022\Community\Common7\IDE\CommonExtensions\Microsoft\CMake\CMake\share\cmake-3.29\Modules\CMakeDetermineCompilerId.cmake C$:\Program$ Files\Microsoft$ Visual$ Studio\2022\Community\Common7\IDE\CommonExtensions\Microsoft\CMake\CMake\share\cmake-3.29\Modules\CMakeDetermineRCCompiler.cmake C$:\Program$ Files\Microsoft$ Visual$ Studio\2022\Community\Common7\IDE\CommonExtensions\Microsoft\CMake\CMake\share\cmake-3.29\Modules\CMakeDetermineSystem.cmake C$:\Program$ Files\Microsoft$ Visual$ Studio\2022\Community\Common7\IDE\CommonExtensions\Microsoft\CMake\CMake\share\cmake-3.29\Modules\CMakeFindBinUtils.cmake C$:\Program$ Files\Microsoft$ Visual$ Studio\2022\Community\Common7\IDE\CommonExtensions\Microsoft\CMake\CMake\share\cmake-3.29\Modules\CMakeFindDependencyMacro.cmake C$:\Program$ Files\Microsoft$ Visual$ Studio\2022\Community\Common7\IDE\CommonExtensions\Microsoft\CMake\CMake\share\cmake-3.29\Modules\CMakeGenericSystem.cmake C$:\Program$ Files\Microsoft$ Visual$ Studio\2022\Community\Common7\IDE\CommonExtensions\Microsoft\CMake\CMake\share\cmake-3.29\Modules\CMakeInitializeConfigs.cmake C$:\Program$ Files\Microsoft$ Visual$ Studio\2022\Community\Common7\IDE\CommonExtensions\Microsoft\CMake\CMake\share\cmake-3.29\Modules\CMakeLanguageInformation.cmake C$:\Program$ Files\Microsoft$ Visual$ Studio\2022\Community\Common7\IDE\CommonExtensions\Microsoft\CMake\CMake\share\cmake-3.29\Modules\CMakePackageConfigHelpers.cmake C$:\Program$ Files\Microsoft$ Visual$ Studio\2022\Community\Common7\IDE\CommonExtensions\Microsoft\CMake\CMake\share\cmake-3.29\Modules\CMakeParseImplicitIncludeInfo.cmake C$:\Program$ Files\Microsoft$ Visual$ Studio\2022\Community\Common7\IDE\CommonExtensions\Microsoft\CMake\CMake\share\cmake-3.29\Modules\CMakeParseImplicitLinkInfo.cmake C$:\Program$ Files\Microsoft$ Visual$ Studio\2022\Community\Common7\IDE\CommonExtensions\Microsoft\CMake\CMake\share\cmake-3.29\Modules\CMakeParseLibraryArchitecture.cmake C$:\Program$ Files\Microsoft$ Visual$ Studio\2022\Community\Common7\IDE\CommonExtensions\Microsoft\CMake\CMake\share\cmake-3.29\Modules\CMakeRCCompiler.cmake.in C$:\Program$ Files\Microsoft$ Visual$ Studio\2022\Community\Common7\IDE\CommonExtensions\Microsoft\CMake\CMake\share\cmake-3.29\Modules\CMakeRCInformation.cmake C$:\Program$ Files\Microsoft$ Visual$ Studio\2022\Community\Common7\IDE\CommonExtensions\Microsoft\CMake\CMake\share\cmake-3.29\Modules\CMakeSystem.cmake.in C$:\Program$ Files\Microsoft$ Visual$ Studio\2022\Community\Common7\IDE\CommonExtensions\Microsoft\CMake\CMake\share\cmake-3.29\Modules\CMakeSystemSpecificInformation.cmake C$:\Program$ Files\Microsoft$ Visual$ Studio\2022\Community\Common7\IDE\CommonExtensions\Microsoft\CMake\CMake\share\cmake-3.29\Modules\CMakeSystemSpecificInitialize.cmake C$:\Program$ Files\Microsoft$ Visual$ Studio\2022\Community\Common7\IDE\CommonExtensions\Microsoft\CMake\CMake\share\cmake-3.29\Modules\CMakeTestCXXCompiler.cmake C$:\Program$ Files\Microsoft$ Visual$ Studio\2022\Community\Common7\IDE\CommonExtensions\Microsoft\CMake\CMake\share\cmake-3.29\Modules\CMakeTestCompilerCommon.cmake C$:\Program$ Files\Microsoft$ Visual$ Studio\2022\Community\Common7\IDE\CommonExtensions\Microsoft\CMake\CMake\share\cmake-3.29\Modules\CMakeTestRCCompiler.cmake C$:\Program$ Files\Microsoft$ Visual$ Studio\2022\Community\Common7\IDE\CommonExtensions\Microsoft\CMake\CMake\share\cmake-3.29\Modules\CheckCXXCompilerFlag.cmake C$:\Program$ Files\Microsoft$ Visual$ Studio\2022\Community\Common7\IDE\CommonExtensions\Microsoft\CMake\CMake\share\cmake-3.29\Modules\CheckCXXSourceCompiles.cmake C$:\Program$ Files\Microsoft$ Visual$ Studio\2022\Community\Common7\IDE\CommonExtensions\Microsoft\CMake\CMake\share\cmake-3.29\Modules\CheckCXXSourceRuns.cmake C$:\Program$ Files\Microsoft$ Visual$ Studio\2022\Community\Common7\IDE\CommonExtensions\Microsoft\CMake\CMake\share\cmake-3.29\Modules\Compiler\ADSP-DetermineCompiler.cmake C$:\Program$ Files\Microsoft$ Visual$ Studio\2022\Community\Common7\IDE\CommonExtensions\Microsoft\CMake\CMake\share\cmake-3.29\Modules\Compiler\ARMCC-DetermineCompiler.cmake C$:\Program$ Files\Microsoft$ Visual$ Studio\2022\Community\Common7\IDE\CommonExtensions\Microsoft\CMake\CMake\share\cmake-3.29\Modules\Compiler\ARMClang-DetermineCompiler.cmake C$:\Program$ Files\Microsoft$ Visual$ Studio\2022\Community\Common7\IDE\CommonExtensions\Microsoft\CMake\CMake\share\cmake-3.29\Modules\Compiler\AppleClang-DetermineCompiler.cmake C$:\Program$ Files\Microsoft$ Visual$ Studio\2022\Community\Common7\IDE\CommonExtensions\Microsoft\CMake\CMake\share\cmake-3.29\Modules\Compiler\Borland-DetermineCompiler.cmake C$:\Program$ Files\Microsoft$ Visual$ Studio\2022\Community\Common7\IDE\CommonExtensions\Microsoft\CMake\CMake\share\cmake-3.29\Modules\Compiler\CMakeCommonCompilerMacros.cmake C$:\Program$ Files\Microsoft$ Visual$ Studio\2022\Community\Common7\IDE\CommonExtensions\Microsoft\CMake\CMake\share\cmake-3.29\Modules\Compiler\Clang-DetermineCompiler.cmake C$:\Program$ Files\Microsoft$ Visual$ Studio\2022\Community\Common7\IDE\CommonExtensions\Microsoft\CMake\CMake\share\cmake-3.29\Modules\Compiler\Clang-DetermineCompilerInternal.cmake C$:\Program$ Files\Microsoft$ Visual$ Studio\2022\Community\Common7\IDE\CommonExtensions\Microsoft\CMake\CMake\share\cmake-3.29\Modules\Compiler\Compaq-CXX-DetermineCompiler.cmake C$:\Program$ Files\Microsoft$ Visual$ Studio\2022\Community\Common7\IDE\CommonExtensions\Microsoft\CMake\CMake\share\cmake-3.29\Modules\Compiler\Cray-DetermineCompiler.cmake C$:\Program$ Files\Microsoft$ Visual$ Studio\2022\Community\Common7\IDE\CommonExtensions\Microsoft\CMake\CMake\share\cmake-3.29\Modules\Compiler\CrayClang-DetermineCompiler.cmake C$:\Program$ Files\Microsoft$ Visual$ Studio\2022\Community\Common7\IDE\CommonExtensions\Microsoft\CMake\CMake\share\cmake-3.29\Modules\Compiler\Embarcadero-DetermineCompiler.cmake C$:\Program$ Files\Microsoft$ Visual$ Studio\2022\Community\Common7\IDE\CommonExtensions\Microsoft\CMake\CMake\share\cmake-3.29\Modules\Compiler\Fujitsu-DetermineCompiler.cmake C$:\Program$ Files\Microsoft$ Visual$ Studio\2022\Community\Common7\IDE\CommonExtensions\Microsoft\CMake\CMake\share\cmake-3.29\Modules\Compiler\FujitsuClang-DetermineCompiler.cmake C$:\Program$ Files\Microsoft$ Visual$ Studio\2022\Community\Common7\IDE\CommonExtensions\Microsoft\CMake\CMake\share\cmake-3.29\Modules\Compiler\GHS-DetermineCompiler.cmake C$:\Program$ Files\Microsoft$ Visual$ Studio\2022\Community\Common7\IDE\CommonExtensions\Microsoft\CMake\CMake\share\cmake-3.29\Modules\Compiler\GNU-CXX-DetermineCompiler.cmake C$:\Program$ Files\Microsoft$ Visual$ Studio\2022\Community\Common7\IDE\CommonExtensions\Microsoft\CMake\CMake\share\cmake-3.29\Modules\Compiler\HP-CXX-DetermineCompiler.cmake C$:\Program$ Files\Microsoft$ Visual$ Studio\2022\Community\Common7\IDE\CommonExtensions\Microsoft\CMake\CMake\share\cmake-3.29\Modules\Compiler\IAR-DetermineCompiler.cmake C$:\Program$ Files\Microsoft$ Visual$ Studio\2022\Community\Common7\IDE\CommonExtensions\Microsoft\CMake\CMake\share\cmake-3.29\Modules\Compiler\IBMCPP-CXX-DetermineVersionInternal.cmake C$:\Program$ Files\Microsoft$ Visual$ Studio\2022\Community\Common7\IDE\CommonExtensions\Microsoft\CMake\CMake\share\cmake-3.29\Modules\Compiler\IBMClang-CXX-DetermineCompiler.cmake C$:\Program$ Files\Microsoft$ Visual$ Studio\2022\Community\Common7\IDE\CommonExtensions\Microsoft\CMake\CMake\share\cmake-3.29\Modules\Compiler\Intel-DetermineCompiler.cmake C$:\Program$ Files\Microsoft$ Visual$ Studio\2022\Community\Common7\IDE\CommonExtensions\Microsoft\CMake\CMake\share\cmake-3.29\Modules\Compiler\IntelLLVM-DetermineCompiler.cmake C$:\Program$ Files\Microsoft$ Visual$ Studio\2022\Community\Common7\IDE\CommonExtensions\Microsoft\CMake\CMake\share\cmake-3.29\Modules\Compiler\LCC-CXX-DetermineCompiler.cmake C$:\Program$ Files\Microsoft$ Visual$ Studio\2022\Community\Common7\IDE\CommonExtensions\Microsoft\CMake\CMake\share\cmake-3.29\Modules\Compiler\MSVC-CXX.cmake C$:\Program$ Files\Microsoft$ Visual$ Studio\2022\Community\Common7\IDE\CommonExtensions\Microsoft\CMake\CMake\share\cmake-3.29\Modules\Compiler\MSVC-DetermineCompiler.cmake C$:\Program$ Files\Microsoft$ Visual$ Studio\2022\Community\Common7\IDE\CommonExtensions\Microsoft\CMake\CMake\share\cmake-3.29\Modules\Compiler\MSVC.cmake C$:\Program$ Files\Microsoft$ Visual$ Studio\2022\Community\Common7\IDE\CommonExtensions\Microsoft\CMake\CMake\share\cmake-3.29\Modules\Compiler\NVHPC-DetermineCompiler.cmake C$:\Program$ Files\Microsoft$ Visual$ Studio\2022\Community\Common7\IDE\CommonExtensions\Microsoft\CMake\CMake\share\cmake-3.29\Modules\Compiler\NVIDIA-DetermineCompiler.cmake C$:\Program$ Files\Microsoft$ Visual$ Studio\2022\Community\Common7\IDE\CommonExtensions\Microsoft\CMake\CMake\share\cmake-3.29\Modules\Compiler\OpenWatcom-DetermineCompiler.cmake C$:\Program$ Files\Microsoft$ Visual$ Studio\2022\Community\Common7\IDE\CommonExtensions\Microsoft\CMake\CMake\share\cmake-3.29\Modules\Compiler\OrangeC-DetermineCompiler.cmake C$:\Program$ Files\Microsoft$ Visual$ Studio\2022\Community\Common7\IDE\CommonExtensions\Microsoft\CMake\CMake\share\cmake-3.29\Modules\Compiler\PGI-DetermineCompiler.cmake C$:\Program$ Files\Microsoft$ Visual$ Studio\2022\Community\Common7\IDE\CommonExtensions\Microsoft\CMake\CMake\share\cmake-3.29\Modules\Compiler\PathScale-DetermineCompiler.cmake C$:\Program$ Files\Microsoft$ Visual$ Studio\2022\Community\Common7\IDE\CommonExtensions\Microsoft\CMake\CMake\share\cmake-3.29\Modules\Compiler\SCO-DetermineCompiler.cmake C$:\Program$ Files\Microsoft$ Visual$ Studio\2022\Community\Common7\IDE\CommonExtensions\Microsoft\CMake\CMake\share\cmake-3.29\Modules\Compiler\SunPro-CXX-DetermineCompiler.cmake C$:\Program$ Files\Microsoft$ Visual$ Studio\2022\Community\Common7\IDE\CommonExtensions\Microsoft\CMake\CMake\share\cmake-3.29\Modules\Compiler\TI-DetermineCompiler.cmake C$:\Program$ Files\Microsoft$ Visual$ Studio\2022\Community\Common7\IDE\CommonExtensions\Microsoft\CMake\CMake\share\cmake-3.29\Modules\Compiler\TIClang-DetermineCompiler.cmake C$:\Program$ Files\Microsoft$ Visual$ Studio\2022\Community\Common7\IDE\CommonExtensions\Microsoft\CMake\CMake\share\cmake-3.29\Modules\Compiler\Tasking-DetermineCompiler.cmake C$:\Program$ Files\Microsoft$ Visual$ Studio\2022\Community\Common7\IDE\CommonExtensions\Microsoft\CMake\CMake\share\cmake-3.29\Modules\Compiler\VisualAge-CXX-DetermineCompiler.cmake C$:\Program$ Files\Microsoft$ Visual$ Studio\2022\Community\Common7\IDE\CommonExtensions\Microsoft\CMake\CMake\share\cmake-3.29\Modules\Compiler\Watcom-DetermineCompiler.cmake C$:\Program$ Files\Microsoft$ Visual$ Studio\2022\Community\Common7\IDE\CommonExtensions\Microsoft\CMake\CMake\share\cmake-3.29\Modules\Compiler\XL-CXX-DetermineCompiler.cmake C$:\Program$ Files\Microsoft$ Visual$ Studio\2022\Community\Common7\IDE\CommonExtensions\Microsoft\CMake\CMake\share\cmake-3.29\Modules\Compiler\XLClang-CXX-DetermineCompiler.cmake C$:\Program$ Files\Microsoft$ Visual$ Studio\2022\Community\Common7\IDE\CommonExtensions\Microsoft\CMake\CMake\share\cmake-3.29\Modules\Compiler\zOS-CXX-DetermineCompiler.cmake C$:\Program$ Files\Microsoft$ Visual$ Studio\2022\Community\Common7\IDE\CommonExtensions\Microsoft\CMake\CMake\share\cmake-3.29\Modules\ExternalProject\shared_internal_commands.cmake C$:\Program$ Files\Microsoft$ Visual$ Studio\2022\Community\Common7\IDE\CommonExtensions\Microsoft\CMake\CMake\share\cmake-3.29\Modules\FetchContent.cmake C$:\Program$ Files\Microsoft$ Visual$ Studio\2022\Community\Common7\IDE\CommonExtensions\Microsoft\CMake\CMake\share\cmake-3.29\Modules\FindPackageHandleStandardArgs.cmake C$:\Program$ Files\Microsoft$ Visual$ Studio\2022\Community\Common7\IDE\CommonExtensions\Microsoft\CMake\CMake\share\cmake-3.29\Modules\FindPackageMessage.cmake C$:\Program$ Files\Microsoft$ Visual$ Studio\2022\Community\Common7\IDE\CommonExtensions\Microsoft\CMake\CMake\share\cmake-3.29\Modules\FindZLIB.cmake C$:\Program$ Files\Microsoft$ Visual$ Studio\2022\Community\Common7\IDE\CommonExtensions\Microsoft\CMake\CMake\share\cmake-3.29\Modules\GNUInstallDirs.cmake C$:\Program$ Files\Microsoft$ Visual$ Studio\2022\Community\Common7\IDE\CommonExtensions\Microsoft\CMake\CMake\share\cmake-3.29\Modules\Internal\CMakeDetermineLinkerId.cmake C$:\Program$ Files\Microsoft$ Visual$ Studio\2022\Community\Common7\IDE\CommonExtensions\Microsoft\CMake\CMake\share\cmake-3.29\Modules\Internal\CheckCompilerFlag.cmake C$:\Program$ Files\Microsoft$ Visual$ Studio\2022\Community\Common7\IDE\CommonExtensions\Microsoft\CMake\CMake\share\cmake-3.29\Modules\Internal\CheckFlagCommonConfig.cmake C$:\Program$ Files\Microsoft$ Visual$ Studio\2022\Community\Common7\IDE\CommonExtensions\Microsoft\CMake\CMake\share\cmake-3.29\Modules\Internal\CheckSourceCompiles.cmake C$:\Program$ Files\Microsoft$ Visual$ Studio\2022\Community\Common7\IDE\CommonExtensions\Microsoft\CMake\CMake\share\cmake-3.29\Modules\Internal\CheckSourceRuns.cmake C$:\Program$ Files\Microsoft$ Visual$ Studio\2022\Community\Common7\IDE\CommonExtensions\Microsoft\CMake\CMake\share\cmake-3.29\Modules\Internal\FeatureTesting.cmake C$:\Program$ Files\Microsoft$ Visual$ Studio\2022\Community\Common7\IDE\CommonExtensions\Microsoft\CMake\CMake\share\cmake-3.29\Modules\Platform\Windows-Determine-CXX.cmake C$:\Program$ Files\Microsoft$ Visual$ Studio\2022\Community\Common7\IDE\CommonExtensions\Microsoft\CMake\CMake\share\cmake-3.29\Modules\Platform\Windows-Initialize.cmake C$:\Program$ Files\Microsoft$ Visual$ Studio\2022\Community\Common7\IDE\CommonExtensions\Microsoft\CMake\CMake\share\cmake-3.29\Modules\Platform\Windows-MSVC-CXX.cmake C$:\Program$ Files\Microsoft$ Visual$ Studio\2022\Community\Common7\IDE\CommonExtensions\Microsoft\CMake\CMake\share\cmake-3.29\Modules\Platform\Windows-MSVC.cmake C$:\Program$ Files\Microsoft$ Visual$ Studio\2022\Community\Common7\IDE\CommonExtensions\Microsoft\CMake\CMake\share\cmake-3.29\Modules\Platform\Windows.cmake C$:\Program$ Files\Microsoft$ Visual$ Studio\2022\Community\Common7\IDE\CommonExtensions\Microsoft\CMake\CMake\share\cmake-3.29\Modules\Platform\WindowsPaths.cmake C$:\Program$ Files\Microsoft$ Visual$ Studio\2022\Community\Common7\IDE\CommonExtensions\Microsoft\CMake\CMake\share\cmake-3.29\Modules\SelectLibraryConfigurations.cmake C$:\Program$ Files\Microsoft$ Visual$ Studio\2022\Community\Common7\IDE\CommonExtensions\Microsoft\CMake\CMake\share\cmake-3.29\Modules\WriteBasicConfigVersionFile.cmake C$:\Program$ Files\Microsoft$ Visual$ Studio\2022\Community\VC\vcpkg\scripts\buildsystems\vcpkg.cmake C$:\Program$ Files\Microsoft$ Visual$ Studio\2022\Community\VC\vcpkg\scripts\toolchains\windows.cmake CMakeCache.txt CMakeFiles\3.29.5-msvc4\CMakeCXXCompiler.cmake CMakeFiles\3.29.5-msvc4\CMakeRCCompiler.cmake CMakeFiles\3.29.5-msvc4\CMakeSystem.cmake D$:\Proyectos\C++\Hangie\vcpkg_installed\vcpkg\blds\cpr\src\1.10.5-254c19356c.clean\CMakeLists.txt D$:\Proyectos\C++\Hangie\vcpkg_installed\vcpkg\blds\cpr\src\1.10.5-254c19356c.clean\cmake\clear_variable.cmake D$:\Proyectos\C++\Hangie\vcpkg_installed\vcpkg\blds\cpr\src\1.10.5-254c19356c.clean\cmake\code_coverage.cmake D$:\Proyectos\C++\Hangie\vcpkg_installed\vcpkg\blds\cpr\src\1.10.5-254c19356c.clean\cmake\cprConfig.cmake.in D$:\Proyectos\C++\Hangie\vcpkg_installed\vcpkg\blds\cpr\src\1.10.5-254c19356c.clean\cmake\cprver.h.in D$:\Proyectos\C++\Hangie\vcpkg_installed\vcpkg\blds\cpr\src\1.10.5-254c19356c.clean\cmake\sanitizer.cmake D$:\Proyectos\C++\Hangie\vcpkg_installed\vcpkg\blds\cpr\src\1.10.5-254c19356c.clean\cpr\CMakeLists.txt D$:\Proyectos\C++\Hangie\vcpkg_installed\vcpkg\blds\cpr\src\1.10.5-254c19356c.clean\include\CMakeLists.txt D$:\Proyectos\C++\Hangie\vcpkg_installed\x64-windows\share\curl\CURLConfig.cmake D$:\Proyectos\C++\Hangie\vcpkg_installed\x64-windows\share\curl\CURLConfigComponents.cmake D$:\Proyectos\C++\Hangie\vcpkg_installed\x64-windows\share\curl\CURLConfigVersion.cmake D$:\Proyectos\C++\Hangie\vcpkg_installed\x64-windows\share\curl\CURLTargets-debug.cmake D$:\Proyectos\C++\Hangie\vcpkg_installed\x64-windows\share\curl\CURLTargets-release.cmake D$:\Proyectos\C++\Hangie\vcpkg_installed\x64-windows\share\curl\CURLTargets.cmake D$:\Proyectos\C++\Hangie\vcpkg_installed\x64-windows\share\curl\vcpkg-cmake-wrapper.cmake D$:\Proyectos\C++\Hangie\vcpkg_installed\x64-windows\share\zlib\vcpkg-cmake-wrapper.cmake
  pool = console


#############################################
# A missing CMake input file is not an error.

build C$:\Program$ Files\Microsoft$ Visual$ Studio\2022\Community\Common7\IDE\CommonExtensions\Microsoft\CMake\CMake\share\cmake-3.29\Modules\BasicConfigVersion-ExactVersion.cmake.in C$:\Program$ Files\Microsoft$ Visual$ Studio\2022\Community\Common7\IDE\CommonExtensions\Microsoft\CMake\CMake\share\cmake-3.29\Modules\CMakeCXXCompiler.cmake.in C$:\Program$ Files\Microsoft$ Visual$ Studio\2022\Community\Common7\IDE\CommonExtensions\Microsoft\CMake\CMake\share\cmake-3.29\Modules\CMakeCXXCompilerABI.cpp C$:\Program$ Files\Microsoft$ Visual$ Studio\2022\Community\Common7\IDE\CommonExtensions\Microsoft\CMake\CMake\share\cmake-3.29\Modules\CMakeCXXInformation.cmake C$:\Program$ Files\Microsoft$ Visual$ Studio\2022\Community\Common7\IDE\CommonExtensions\Microsoft\CMake\CMake\share\cmake-3.29\Modules\CMakeCheckCompilerFlagCommonPatterns.cmake C$:\Program$ Files\Microsoft$ Visual$ Studio\2022\Community\Common7\IDE\CommonExtensions\Microsoft\CMake\CMake\share\cmake-3.29\Modules\CMakeCommonLanguageInclude.cmake C$:\Program$ Files\Microsoft$ Visual$ Studio\2022\Community\Common7\IDE\CommonExtensions\Microsoft\CMake\CMake\share\cmake-3.29\Modules\CMakeCompilerIdDetection.cmake C$:\Program$ Files\Microsoft$ Visual$ Studio\2022\Community\Common7\IDE\CommonExtensions\Microsoft\CMake\CMake\share\cmake-3.29\Modules\CMakeDependentOption.cmake C$:\Program$ Files\Microsoft$ Visual$ Studio\2022\Community\Common7\IDE\CommonExtensions\Microsoft\CMake\CMake\share\cmake-3.29\Modules\CMakeDetermineCXXCompiler.cmake C$:\Program$ Files\Microsoft$ Visual$ Studio\2022\Community\Common7\IDE\CommonExtensions\Microsoft\CMake\CMake\share\cmake-3.29\Modules\CMakeDetermineCompileFeatures.cmake C$:\Program$ Files\Microsoft$ Visual$ Studio\2022\Community\Common7\IDE\CommonExtensions\Microsoft\CMake\CMake\share\cmake-3.29\Modules\CMakeDetermineCompiler.cmake C$:\Program$ Files\Microsoft$ Visual$ Studio\2022\Community\Common7\IDE\CommonExtensions\Microsoft\CMake\CMake\share\cmake-3.29\Modules\CMakeDetermineCompilerABI.cmake C$:\Program$ Files\Microsoft$ Visual$ Studio\2022\Community\Common7\IDE\CommonExtensions\Microsoft\CMake\CMake\share\cmake-3.29\Modules\CMakeDetermineCompilerId.cmake C$:\Program$ Files\Microsoft$ Visual$ Studio\2022\Community\Common7\IDE\CommonExtensions\Microsoft\CMake\CMake\share\cmake-3.29\Modules\CMakeDetermineRCCompiler.cmake C$:\Program$ Files\Microsoft$ Visual$ Studio\2022\Community\Common7\IDE\CommonExtensions\Microsoft\CMake\CMake\share\cmake-3.29\Modules\CMakeDetermineSystem.cmake C$:\Program$ Files\Microsoft$ Visual$ Studio\2022\Community\Common7\IDE\CommonExtensions\Microsoft\CMake\CMake\share\cmake-3.29\Modules\CMakeFindBinUtils.cmake C$:\Program$ Files\Microsoft$ Visual$ Studio\2022\Community\Common7\IDE\CommonExtensions\Microsoft\CMake\CMake\share\cmake-3.29\Modules\CMakeFindDependencyMacro.cmake C$:\Program$ Files\Microsoft$ Visual$ Studio\2022\Community\Common7\IDE\CommonExtensions\Microsoft\CMake\CMake\share\cmake-3.29\Modules\CMakeGenericSystem.cmake C$:\Program$ Files\Microsoft$ Visual$ Studio\2022\Community\Common7\IDE\CommonExtensions\Microsoft\CMake\CMake\share\cmake-3.29\Modules\CMakeInitializeConfigs.cmake C$:\Program$ Files\Microsoft$ Visual$ Studio\2022\Community\Common7\IDE\CommonExtensions\Microsoft\CMake\CMake\share\cmake-3.29\Modules\CMakeLanguageInformation.cmake C$:\Program$ Files\Microsoft$ Visual$ Studio\2022\Community\Common7\IDE\CommonExtensions\Microsoft\CMake\CMake\share\cmake-3.29\Modules\CMakePackageConfigHelpers.cmake C$:\Program$ Files\Microsoft$ Visual$ Studio\2022\Community\Common7\IDE\CommonExtensions\Microsoft\CMake\CMake\share\cmake-3.29\Modules\CMakeParseImplicitIncludeInfo.cmake C$:\Program$ Files\Microsoft$ Visual$ Studio\2022\Community\Common7\IDE\CommonExtensions\Microsoft\CMake\CMake\share\cmake-3.29\Modules\CMakeParseImplicitLinkInfo.cmake C$:\Program$ Files\Microsoft$ Visual$ Studio\2022\Community\Common7\IDE\CommonExtensions\Microsoft\CMake\CMake\share\cmake-3.29\Modules\CMakeParseLibraryArchitecture.cmake C$:\Program$ Files\Microsoft$ Visual$ Studio\2022\Community\Common7\IDE\CommonExtensions\Microsoft\CMake\CMake\share\cmake-3.29\Modules\CMakeRCCompiler.cmake.in C$:\Program$ Files\Microsoft$ Visual$ Studio\2022\Community\Common7\IDE\CommonExtensions\Microsoft\CMake\CMake\share\cmake-3.29\Modules\CMakeRCInformation.cmake C$:\Program$ Files\Microsoft$ Visual$ Studio\2022\Community\Common7\IDE\CommonExtensions\Microsoft\CMake\CMake\share\cmake-3.29\Modules\CMakeSystem.cmake.in C$:\Program$ Files\Microsoft$ Visual$ Studio\2022\Community\Common7\IDE\CommonExtensions\Microsoft\CMake\CMake\share\cmake-3.29\Modules\CMakeSystemSpecificInformation.cmake C$:\Program$ Files\Microsoft$ Visual$ Studio\2022\Community\Common7\IDE\CommonExtensions\Microsoft\CMake\CMake\share\cmake-3.29\Modules\CMakeSystemSpecificInitialize.cmake C$:\Program$ Files\Microsoft$ Visual$ Studio\2022\Community\Common7\IDE\CommonExtensions\Microsoft\CMake\CMake\share\cmake-3.29\Modules\CMakeTestCXXCompiler.cmake C$:\Program$ Files\Microsoft$ Visual$ Studio\2022\Community\Common7\IDE\CommonExtensions\Microsoft\CMake\CMake\share\cmake-3.29\Modules\CMakeTestCompilerCommon.cmake C$:\Program$ Files\Microsoft$ Visual$ Studio\2022\Community\Common7\IDE\CommonExtensions\Microsoft\CMake\CMake\share\cmake-3.29\Modules\CMakeTestRCCompiler.cmake C$:\Program$ Files\Microsoft$ Visual$ Studio\2022\Community\Common7\IDE\CommonExtensions\Microsoft\CMake\CMake\share\cmake-3.29\Modules\CheckCXXCompilerFlag.cmake C$:\Program$ Files\Microsoft$ Visual$ Studio\2022\Community\Common7\IDE\CommonExtensions\Microsoft\CMake\CMake\share\cmake-3.29\Modules\CheckCXXSourceCompiles.cmake C$:\Program$ Files\Microsoft$ Visual$ Studio\2022\Community\Common7\IDE\CommonExtensions\Microsoft\CMake\CMake\share\cmake-3.29\Modules\CheckCXXSourceRuns.cmake C$:\Program$ Files\Microsoft$ Visual$ Studio\2022\Community\Common7\IDE\CommonExtensions\Microsoft\CMake\CMake\share\cmake-3.29\Modules\Compiler\ADSP-DetermineCompiler.cmake C$:\Program$ Files\Microsoft$ Visual$ Studio\2022\Community\Common7\IDE\CommonExtensions\Microsoft\CMake\CMake\share\cmake-3.29\Modules\Compiler\ARMCC-DetermineCompiler.cmake C$:\Program$ Files\Microsoft$ Visual$ Studio\2022\Community\Common7\IDE\CommonExtensions\Microsoft\CMake\CMake\share\cmake-3.29\Modules\Compiler\ARMClang-DetermineCompiler.cmake C$:\Program$ Files\Microsoft$ Visual$ Studio\2022\Community\Common7\IDE\CommonExtensions\Microsoft\CMake\CMake\share\cmake-3.29\Modules\Compiler\AppleClang-DetermineCompiler.cmake C$:\Program$ Files\Microsoft$ Visual$ Studio\2022\Community\Common7\IDE\CommonExtensions\Microsoft\CMake\CMake\share\cmake-3.29\Modules\Compiler\Borland-DetermineCompiler.cmake C$:\Program$ Files\Microsoft$ Visual$ Studio\2022\Community\Common7\IDE\CommonExtensions\Microsoft\CMake\CMake\share\cmake-3.29\Modules\Compiler\CMakeCommonCompilerMacros.cmake C$:\Program$ Files\Microsoft$ Visual$ Studio\2022\Community\Common7\IDE\CommonExtensions\Microsoft\CMake\CMake\share\cmake-3.29\Modules\Compiler\Clang-DetermineCompiler.cmake C$:\Program$ Files\Microsoft$ Visual$ Studio\2022\Community\Common7\IDE\CommonExtensions\Microsoft\CMake\CMake\share\cmake-3.29\Modules\Compiler\Clang-DetermineCompilerInternal.cmake C$:\Program$ Files\Microsoft$ Visual$ Studio\2022\Community\Common7\IDE\CommonExtensions\Microsoft\CMake\CMake\share\cmake-3.29\Modules\Compiler\Compaq-CXX-DetermineCompiler.cmake C$:\Program$ Files\Microsoft$ Visual$ Studio\2022\Community\Common7\IDE\CommonExtensions\Microsoft\CMake\CMake\share\cmake-3.29\Modules\Compiler\Cray-DetermineCompiler.cmake C$:\Program$ Files\Microsoft$ Visual$ Studio\2022\Community\Common7\IDE\CommonExtensions\Microsoft\CMake\CMake\share\cmake-3.29\Modules\Compiler\CrayClang-DetermineCompiler.cmake C$:\Program$ Files\Microsoft$ Visual$ Studio\2022\Community\Common7\IDE\CommonExtensions\Microsoft\CMake\CMake\share\cmake-3.29\Modules\Compiler\Embarcadero-DetermineCompiler.cmake C$:\Program$ Files\Microsoft$ Visual$ Studio\2022\Community\Common7\IDE\CommonExtensions\Microsoft\CMake\CMake\share\cmake-3.29\Modules\Compiler\Fujitsu-DetermineCompiler.cmake C$:\Program$ Files\Microsoft$ Visual$ Studio\2022\Community\Common7\IDE\CommonExtensions\Microsoft\CMake\CMake\share\cmake-3.29\Modules\Compiler\FujitsuClang-DetermineCompiler.cmake C$:\Program$ Files\Microsoft$ Visual$ Studio\2022\Community\Common7\IDE\CommonExtensions\Microsoft\CMake\CMake\share\cmake-3.29\Modules\Compiler\GHS-DetermineCompiler.cmake C$:\Program$ Files\Microsoft$ Visual$ Studio\2022\Community\Common7\IDE\CommonExtensions\Microsoft\CMake\CMake\share\cmake-3.29\Modules\Compiler\GNU-CXX-DetermineCompiler.cmake C$:\Program$ Files\Microsoft$ Visual$ Studio\2022\Community\Common7\IDE\CommonExtensions\Microsoft\CMake\CMake\share\cmake-3.29\Modules\Compiler\HP-CXX-DetermineCompiler.cmake C$:\Program$ Files\Microsoft$ Visual$ Studio\2022\Community\Common7\IDE\CommonExtensions\Microsoft\CMake\CMake\share\cmake-3.29\Modules\Compiler\IAR-DetermineCompiler.cmake C$:\Program$ Files\Microsoft$ Visual$ Studio\2022\Community\Common7\IDE\CommonExtensions\Microsoft\CMake\CMake\share\cmake-3.29\Modules\Compiler\IBMCPP-CXX-DetermineVersionInternal.cmake C$:\Program$ Files\Microsoft$ Visual$ Studio\2022\Community\Common7\IDE\CommonExtensions\Microsoft\CMake\CMake\share\cmake-3.29\Modules\Compiler\IBMClang-CXX-DetermineCompiler.cmake C$:\Program$ Files\Microsoft$ Visual$ Studio\2022\Community\Common7\IDE\CommonExtensions\Microsoft\CMake\CMake\share\cmake-3.29\Modules\Compiler\Intel-DetermineCompiler.cmake C$:\Program$ Files\Microsoft$ Visual$ Studio\2022\Community\Common7\IDE\CommonExtensions\Microsoft\CMake\CMake\share\cmake-3.29\Modules\Compiler\IntelLLVM-DetermineCompiler.cmake C$:\Program$ Files\Microsoft$ Visual$ Studio\2022\Community\Common7\IDE\CommonExtensions\Microsoft\CMake\CMake\share\cmake-3.29\Modules\Compiler\LCC-CXX-DetermineCompiler.cmake C$:\Program$ Files\Microsoft$ Visual$ Studio\2022\Community\Common7\IDE\CommonExtensions\Microsoft\CMake\CMake\share\cmake-3.29\Modules\Compiler\MSVC-CXX.cmake C$:\Program$ Files\Microsoft$ Visual$ Studio\2022\Community\Common7\IDE\CommonExtensions\Microsoft\CMake\CMake\share\cmake-3.29\Modules\Compiler\MSVC-DetermineCompiler.cmake C$:\Program$ Files\Microsoft$ Visual$ Studio\2022\Community\Common7\IDE\CommonExtensions\Microsoft\CMake\CMake\share\cmake-3.29\Modules\Compiler\MSVC.cmake C$:\Program$ Files\Microsoft$ Visual$ Studio\2022\Community\Common7\IDE\CommonExtensions\Microsoft\CMake\CMake\share\cmake-3.29\Modules\Compiler\NVHPC-DetermineCompiler.cmake C$:\Program$ Files\Microsoft$ Visual$ Studio\2022\Community\Common7\IDE\CommonExtensions\Microsoft\CMake\CMake\share\cmake-3.29\Modules\Compiler\NVIDIA-DetermineCompiler.cmake C$:\Program$ Files\Microsoft$ Visual$ Studio\2022\Community\Common7\IDE\CommonExtensions\Microsoft\CMake\CMake\share\cmake-3.29\Modules\Compiler\OpenWatcom-DetermineCompiler.cmake C$:\Program$ Files\Microsoft$ Visual$ Studio\2022\Community\Common7\IDE\CommonExtensions\Microsoft\CMake\CMake\share\cmake-3.29\Modules\Compiler\OrangeC-DetermineCompiler.cmake C$:\Program$ Files\Microsoft$ Visual$ Studio\2022\Community\Common7\IDE\CommonExtensions\Microsoft\CMake\CMake\share\cmake-3.29\Modules\Compiler\PGI-DetermineCompiler.cmake C$:\Program$ Files\Microsoft$ Visual$ Studio\2022\Community\Common7\IDE\CommonExtensions\Microsoft\CMake\CMake\share\cmake-3.29\Modules\Compiler\PathScale-DetermineCompiler.cmake C$:\Program$ Files\Microsoft$ Visual$ Studio\2022\Community\Common7\IDE\CommonExtensions\Microsoft\CMake\CMake\share\cmake-3.29\Modules\Compiler\SCO-DetermineCompiler.cmake C$:\Program$ Files\Microsoft$ Visual$ Studio\2022\Community\Common7\IDE\CommonExtensions\Microsoft\CMake\CMake\share\cmake-3.29\Modules\Compiler\SunPro-CXX-DetermineCompiler.cmake C$:\Program$ Files\Microsoft$ Visual$ Studio\2022\Community\Common7\IDE\CommonExtensions\Microsoft\CMake\CMake\share\cmake-3.29\Modules\Compiler\TI-DetermineCompiler.cmake C$:\Program$ Files\Microsoft$ Visual$ Studio\2022\Community\Common7\IDE\CommonExtensions\Microsoft\CMake\CMake\share\cmake-3.29\Modules\Compiler\TIClang-DetermineCompiler.cmake C$:\Program$ Files\Microsoft$ Visual$ Studio\2022\Community\Common7\IDE\CommonExtensions\Microsoft\CMake\CMake\share\cmake-3.29\Modules\Compiler\Tasking-DetermineCompiler.cmake C$:\Program$ Files\Microsoft$ Visual$ Studio\2022\Community\Common7\IDE\CommonExtensions\Microsoft\CMake\CMake\share\cmake-3.29\Modules\Compiler\VisualAge-CXX-DetermineCompiler.cmake C$:\Program$ Files\Microsoft$ Visual$ Studio\2022\Community\Common7\IDE\CommonExtensions\Microsoft\CMake\CMake\share\cmake-3.29\Modules\Compiler\Watcom-DetermineCompiler.cmake C$:\Program$ Files\Microsoft$ Visual$ Studio\2022\Community\Common7\IDE\CommonExtensions\Microsoft\CMake\CMake\share\cmake-3.29\Modules\Compiler\XL-CXX-DetermineCompiler.cmake C$:\Program$ Files\Microsoft$ Visual$ Studio\2022\Community\Common7\IDE\CommonExtensions\Microsoft\CMake\CMake\share\cmake-3.29\Modules\Compiler\XLClang-CXX-DetermineCompiler.cmake C$:\Program$ Files\Microsoft$ Visual$ Studio\2022\Community\Common7\IDE\CommonExtensions\Microsoft\CMake\CMake\share\cmake-3.29\Modules\Compiler\zOS-CXX-DetermineCompiler.cmake C$:\Program$ Files\Microsoft$ Visual$ Studio\2022\Community\Common7\IDE\CommonExtensions\Microsoft\CMake\CMake\share\cmake-3.29\Modules\ExternalProject\shared_internal_commands.cmake C$:\Program$ Files\Microsoft$ Visual$ Studio\2022\Community\Common7\IDE\CommonExtensions\Microsoft\CMake\CMake\share\cmake-3.29\Modules\FetchContent.cmake C$:\Program$ Files\Microsoft$ Visual$ Studio\2022\Community\Common7\IDE\CommonExtensions\Microsoft\CMake\CMake\share\cmake-3.29\Modules\FindPackageHandleStandardArgs.cmake C$:\Program$ Files\Microsoft$ Visual$ Studio\2022\Community\Common7\IDE\CommonExtensions\Microsoft\CMake\CMake\share\cmake-3.29\Modules\FindPackageMessage.cmake C$:\Program$ Files\Microsoft$ Visual$ Studio\2022\Community\Common7\IDE\CommonExtensions\Microsoft\CMake\CMake\share\cmake-3.29\Modules\FindZLIB.cmake C$:\Program$ Files\Microsoft$ Visual$ Studio\2022\Community\Common7\IDE\CommonExtensions\Microsoft\CMake\CMake\share\cmake-3.29\Modules\GNUInstallDirs.cmake C$:\Program$ Files\Microsoft$ Visual$ Studio\2022\Community\Common7\IDE\CommonExtensions\Microsoft\CMake\CMake\share\cmake-3.29\Modules\Internal\CMakeDetermineLinkerId.cmake C$:\Program$ Files\Microsoft$ Visual$ Studio\2022\Community\Common7\IDE\CommonExtensions\Microsoft\CMake\CMake\share\cmake-3.29\Modules\Internal\CheckCompilerFlag.cmake C$:\Program$ Files\Microsoft$ Visual$ Studio\2022\Community\Common7\IDE\CommonExtensions\Microsoft\CMake\CMake\share\cmake-3.29\Modules\Internal\CheckFlagCommonConfig.cmake C$:\Program$ Files\Microsoft$ Visual$ Studio\2022\Community\Common7\IDE\CommonExtensions\Microsoft\CMake\CMake\share\cmake-3.29\Modules\Internal\CheckSourceCompiles.cmake C$:\Program$ Files\Microsoft$ Visual$ Studio\2022\Community\Common7\IDE\CommonExtensions\Microsoft\CMake\CMake\share\cmake-3.29\Modules\Internal\CheckSourceRuns.cmake C$:\Program$ Files\Microsoft$ Visual$ Studio\2022\Community\Common7\IDE\CommonExtensions\Microsoft\CMake\CMake\share\cmake-3.29\Modules\Internal\FeatureTesting.cmake C$:\Program$ Files\Microsoft$ Visual$ Studio\2022\Community\Common7\IDE\CommonExtensions\Microsoft\CMake\CMake\share\cmake-3.29\Modules\Platform\Windows-Determine-CXX.cmake C$:\Program$ Files\Microsoft$ Visual$ Studio\2022\Community\Common7\IDE\CommonExtensions\Microsoft\CMake\CMake\share\cmake-3.29\Modules\Platform\Windows-Initialize.cmake C$:\Program$ Files\Microsoft$ Visual$ Studio\2022\Community\Common7\IDE\CommonExtensions\Microsoft\CMake\CMake\share\cmake-3.29\Modules\Platform\Windows-MSVC-CXX.cmake C$:\Program$ Files\Microsoft$ Visual$ Studio\2022\Community\Common7\IDE\CommonExtensions\Microsoft\CMake\CMake\share\cmake-3.29\Modules\Platform\Windows-MSVC.cmake C$:\Program$ Files\Microsoft$ Visual$ Studio\2022\Community\Common7\IDE\CommonExtensions\Microsoft\CMake\CMake\share\cmake-3.29\Modules\Platform\Windows.cmake C$:\Program$ Files\Microsoft$ Visual$ Studio\2022\Community\Common7\IDE\CommonExtensions\Microsoft\CMake\CMake\share\cmake-3.29\Modules\Platform\WindowsPaths.cmake C$:\Program$ Files\Microsoft$ Visual$ Studio\2022\Community\Common7\IDE\CommonExtensions\Microsoft\CMake\CMake\share\cmake-3.29\Modules\SelectLibraryConfigurations.cmake C$:\Program$ Files\Microsoft$ Visual$ Studio\2022\Community\Common7\IDE\CommonExtensions\Microsoft\CMake\CMake\share\cmake-3.29\Modules\WriteBasicConfigVersionFile.cmake C$:\Program$ Files\Microsoft$ Visual$ Studio\2022\Community\VC\vcpkg\scripts\buildsystems\vcpkg.cmake C$:\Program$ Files\Microsoft$ Visual$ Studio\2022\Community\VC\vcpkg\scripts\toolchains\windows.cmake CMakeCache.txt CMakeFiles\3.29.5-msvc4\CMakeCXXCompiler.cmake CMakeFiles\3.29.5-msvc4\CMakeRCCompiler.cmake CMakeFiles\3.29.5-msvc4\CMakeSystem.cmake D$:\Proyectos\C++\Hangie\vcpkg_installed\vcpkg\blds\cpr\src\1.10.5-254c19356c.clean\CMakeLists.txt D$:\Proyectos\C++\Hangie\vcpkg_installed\vcpkg\blds\cpr\src\1.10.5-254c19356c.clean\cmake\clear_variable.cmake D$:\Proyectos\C++\Hangie\vcpkg_installed\vcpkg\blds\cpr\src\1.10.5-254c19356c.clean\cmake\code_coverage.cmake D$:\Proyectos\C++\Hangie\vcpkg_installed\vcpkg\blds\cpr\src\1.10.5-254c19356c.clean\cmake\cprConfig.cmake.in D$:\Proyectos\C++\Hangie\vcpkg_installed\vcpkg\blds\cpr\src\1.10.5-254c19356c.clean\cmake\cprver.h.in D$:\Proyectos\C++\Hangie\vcpkg_installed\vcpkg\blds\cpr\src\1.10.5-254c19356c.clean\cmake\sanitizer.cmake D$:\Proyectos\C++\Hangie\vcpkg_installed\vcpkg\blds\cpr\src\1.10.5-254c19356c.clean\cpr\CMakeLists.txt D$:\Proyectos\C++\Hangie\vcpkg_installed\vcpkg\blds\cpr\src\1.10.5-254c19356c.clean\include\CMakeLists.txt D$:\Proyectos\C++\Hangie\vcpkg_installed\x64-windows\share\curl\CURLConfig.cmake D$:\Proyectos\C++\Hangie\vcpkg_installed\x64-windows\share\curl\CURLConfigComponents.cmake D$:\Proyectos\C++\Hangie\vcpkg_installed\x64-windows\share\curl\CURLConfigVersion.cmake D$:\Proyectos\C++\Hangie\vcpkg_installed\x64-windows\share\curl\CURLTargets-debug.cmake D$:\Proyectos\C++\Hangie\vcpkg_installed\x64-windows\share\curl\CURLTargets-release.cmake D$:\Proyectos\C++\Hangie\vcpkg_installed\x64-windows\share\curl\CURLTargets.cmake D$:\Proyectos\C++\Hangie\vcpkg_installed\x64-windows\share\curl\vcpkg-cmake-wrapper.cmake D$:\Proyectos\C++\Hangie\vcpkg_installed\x64-windows\share\zlib\vcpkg-cmake-wrapper.cmake: phony


#############################################
# Clean all the built files.

build clean: CLEAN


#############################################
# Print all primary targets available.

build help: HELP


#############################################
# Make the all target the default.

default all
