
---
events:
  -
    kind: "message-v1"
    backtrace:
      - "C:/Program Files/Microsoft Visual Studio/2022/Community/Common7/IDE/CommonExtensions/Microsoft/CMake/CMake/share/cmake-3.29/Modules/CMakeDetermineSystem.cmake:205 (message)"
      - "CMakeLists.txt:72 (project)"
    message: |
      The system is: Windows - 10.0.19045 - AMD64
  -
    kind: "message-v1"
    backtrace:
      - "C:/Program Files/Microsoft Visual Studio/2022/Community/Common7/IDE/CommonExtensions/Microsoft/CMake/CMake/share/cmake-3.29/Modules/CMakeDetermineCompilerId.cmake:17 (message)"
      - "C:/Program Files/Microsoft Visual Studio/2022/Community/Common7/IDE/CommonExtensions/Microsoft/CMake/CMake/share/cmake-3.29/Modules/CMakeDetermineCompilerId.cmake:64 (__determine_compiler_id_test)"
      - "C:/Program Files/Microsoft Visual Studio/2022/Community/Common7/IDE/CommonExtensions/Microsoft/CMake/CMake/share/cmake-3.29/Modules/CMakeDetermineCCompiler.cmake:123 (CMAKE_DETERMINE_COMPILER_ID)"
      - "CMakeLists.txt:72 (project)"
    message: |
      Compiling the C compiler identification source file "CMakeCCompilerId.c" succeeded.
      Compiler: C:/Program Files/Microsoft Visual Studio/2022/Community/VC/Tools/MSVC/14.42.34433/bin/Hostx64/x64/cl.exe 
      Build flags: /nologo;/DWIN32;/D_WINDOWS;/utf-8;/MP
      Id flags:  
      
      The output was:
      0
      CMakeCCompilerId.c
      
      
      Compilation of the C compiler identification source "CMakeCCompilerId.c" produced "CMakeCCompilerId.exe"
      
      Compilation of the C compiler identification source "CMakeCCompilerId.c" produced "CMakeCCompilerId.obj"
      
      The C compiler identification is MSVC, found in:
        D:/Proyectos/C++/Hangie/vcpkg_installed/vcpkg/blds/curl/x64-windows-rel/CMakeFiles/3.29.5-msvc4/CompilerIdC/CMakeCCompilerId.exe
      
  -
    kind: "message-v1"
    backtrace:
      - "C:/Program Files/Microsoft Visual Studio/2022/Community/Common7/IDE/CommonExtensions/Microsoft/CMake/CMake/share/cmake-3.29/Modules/CMakeDetermineCompilerId.cmake:1216 (message)"
      - "C:/Program Files/Microsoft Visual Studio/2022/Community/Common7/IDE/CommonExtensions/Microsoft/CMake/CMake/share/cmake-3.29/Modules/CMakeDetermineCompilerId.cmake:250 (CMAKE_DETERMINE_MSVC_SHOWINCLUDES_PREFIX)"
      - "C:/Program Files/Microsoft Visual Studio/2022/Community/Common7/IDE/CommonExtensions/Microsoft/CMake/CMake/share/cmake-3.29/Modules/CMakeDetermineCCompiler.cmake:123 (CMAKE_DETERMINE_COMPILER_ID)"
      - "CMakeLists.txt:72 (project)"
    message: |
      Detecting C compiler /showIncludes prefix:
        main.c
        Note: including file: D:\\Proyectos\\C++\\Hangie\\vcpkg_installed\\vcpkg\\blds\\curl\\x64-windows-rel\\CMakeFiles\\ShowIncludes\\foo.h
        
      Found prefix "Note: including file: "
  -
    kind: "try_compile-v1"
    backtrace:
      - "C:/Program Files/Microsoft Visual Studio/2022/Community/Common7/IDE/CommonExtensions/Microsoft/CMake/CMake/share/cmake-3.29/Modules/CMakeDetermineCompilerABI.cmake:67 (try_compile)"
      - "C:/Program Files/Microsoft Visual Studio/2022/Community/Common7/IDE/CommonExtensions/Microsoft/CMake/CMake/share/cmake-3.29/Modules/CMakeTestCCompiler.cmake:26 (CMAKE_DETERMINE_COMPILER_ABI)"
      - "CMakeLists.txt:72 (project)"
    checks:
      - "Detecting C compiler ABI info"
    directories:
      source: "D:/Proyectos/C++/Hangie/vcpkg_installed/vcpkg/blds/curl/x64-windows-rel/CMakeFiles/CMakeScratch/TryCompile-ruzfna"
      binary: "D:/Proyectos/C++/Hangie/vcpkg_installed/vcpkg/blds/curl/x64-windows-rel/CMakeFiles/CMakeScratch/TryCompile-ruzfna"
    cmakeVariables:
      CMAKE_C_FLAGS: " /nologo /DWIN32 /D_WINDOWS /utf-8 /MP "
      CMAKE_C_FLAGS_DEBUG: "/D_DEBUG /MDd /Z7 /Ob0 /Od /RTC1 "
      CMAKE_EXE_LINKER_FLAGS: "/machine:x64"
      CMAKE_MODULE_PATH: "D:/Proyectos/C++/Hangie/vcpkg_installed/vcpkg/blds/curl/src/url-8_10_1-8b052efba7.clean/CMake;"
      CMAKE_MSVC_DEBUG_INFORMATION_FORMAT: ""
      CMAKE_MSVC_RUNTIME_LIBRARY: "MultiThreaded$<$<CONFIG:Debug>:Debug>$<$<STREQUAL:dynamic,dynamic>:DLL>"
      VCPKG_CHAINLOAD_TOOLCHAIN_FILE: "C:/Program Files/Microsoft Visual Studio/2022/Community/VC/vcpkg/scripts/toolchains/windows.cmake"
      VCPKG_CRT_LINKAGE: "dynamic"
      VCPKG_CXX_FLAGS: ""
      VCPKG_CXX_FLAGS_DEBUG: ""
      VCPKG_CXX_FLAGS_RELEASE: ""
      VCPKG_C_FLAGS: ""
      VCPKG_C_FLAGS_DEBUG: ""
      VCPKG_C_FLAGS_RELEASE: ""
      VCPKG_INSTALLED_DIR: "D:/Proyectos/C++/Hangie/vcpkg_installed"
      VCPKG_LINKER_FLAGS: ""
      VCPKG_LINKER_FLAGS_DEBUG: ""
      VCPKG_LINKER_FLAGS_RELEASE: ""
      VCPKG_PLATFORM_TOOLSET: "v143"
      VCPKG_PREFER_SYSTEM_LIBS: "OFF"
      VCPKG_SET_CHARSET_FLAG: "ON"
      VCPKG_TARGET_ARCHITECTURE: "x64"
      VCPKG_TARGET_TRIPLET: "x64-windows"
      Z_VCPKG_ROOT_DIR: "C:/Program Files/Microsoft Visual Studio/2022/Community/VC/vcpkg"
    buildResult:
      variable: "CMAKE_C_ABI_COMPILED"
      cached: true
      stdout: |
        Change Dir: 'D:/Proyectos/C++/Hangie/vcpkg_installed/vcpkg/blds/curl/x64-windows-rel/CMakeFiles/CMakeScratch/TryCompile-ruzfna'
        
        Run Build Command(s): "C:/Program Files/Microsoft Visual Studio/2022/Community/Common7/IDE/CommonExtensions/Microsoft/CMake/Ninja/ninja.exe" -v cmTC_17d70
        [1/2] C:\\PROGRA~1\\MIB055~1\\2022\\COMMUN~1\\VC\\Tools\\MSVC\\1442~1.344\\bin\\Hostx64\\x64\\cl.exe  /nologo   /nologo /DWIN32 /D_WINDOWS /utf-8 /MP   /D_DEBUG /MDd /Z7 /Ob0 /Od /RTC1  -MDd /showIncludes /FoCMakeFiles\\cmTC_17d70.dir\\CMakeCCompilerABI.c.obj /FdCMakeFiles\\cmTC_17d70.dir\\ /FS -c "C:\\Program Files\\Microsoft Visual Studio\\2022\\Community\\Common7\\IDE\\CommonExtensions\\Microsoft\\CMake\\CMake\\share\\cmake-3.29\\Modules\\CMakeCCompilerABI.c"
        [2/2] C:\\Windows\\system32\\cmd.exe /C "cd . && "C:\\Program Files\\Microsoft Visual Studio\\2022\\Community\\Common7\\IDE\\CommonExtensions\\Microsoft\\CMake\\CMake\\bin\\cmake.exe" -E vs_link_exe --intdir=CMakeFiles\\cmTC_17d70.dir --rc=C:\\PROGRA~2\\WI3CF2~1\\10\\bin\\100226~1.0\\x64\\rc.exe --mt=C:\\PROGRA~2\\WI3CF2~1\\10\\bin\\100226~1.0\\x64\\mt.exe --manifests  -- C:\\PROGRA~1\\MIB055~1\\2022\\COMMUN~1\\VC\\Tools\\MSVC\\1442~1.344\\bin\\Hostx64\\x64\\link.exe /nologo CMakeFiles\\cmTC_17d70.dir\\CMakeCCompilerABI.c.obj  /out:cmTC_17d70.exe /implib:cmTC_17d70.lib /pdb:cmTC_17d70.pdb /version:0.0 /machine:x64  /nologo    /debug /INCREMENTAL /subsystem:console  kernel32.lib user32.lib gdi32.lib winspool.lib shell32.lib ole32.lib oleaut32.lib uuid.lib comdlg32.lib advapi32.lib && cd ."
        
      exitCode: 0
  -
    kind: "message-v1"
    backtrace:
      - "C:/Program Files/Microsoft Visual Studio/2022/Community/Common7/IDE/CommonExtensions/Microsoft/CMake/CMake/share/cmake-3.29/Modules/CMakeDetermineCompilerABI.cmake:173 (message)"
      - "C:/Program Files/Microsoft Visual Studio/2022/Community/Common7/IDE/CommonExtensions/Microsoft/CMake/CMake/share/cmake-3.29/Modules/CMakeTestCCompiler.cmake:26 (CMAKE_DETERMINE_COMPILER_ABI)"
      - "CMakeLists.txt:72 (project)"
    message: |
      Parsed C implicit link information:
        link line regex: [^( *|.*[/\\])(ld[0-9]*(\\.[a-z]+)?|link\\.exe|lld-link(\\.exe)?|CMAKE_LINK_STARTFILE-NOTFOUND|([^/\\]+-)?ld|collect2)[^/\\]*( |$)]
        linker tool regex: [^[ 	]*(->|")?[ 	]*(([^"]*[/\\])?(ld[0-9]*(\\.[a-z]+)?|link\\.exe|lld-link(\\.exe)?))("|,| |$)]
        linker tool for 'C': C:/PROGRA~1/MIB055~1/2022/COMMUN~1/VC/Tools/MSVC/1442~1.344/bin/Hostx64/x64/link.exe
        implicit libs: []
        implicit objs: []
        implicit dirs: []
        implicit fwks: []
      
      
  -
    kind: "message-v1"
    backtrace:
      - "C:/Program Files/Microsoft Visual Studio/2022/Community/Common7/IDE/CommonExtensions/Microsoft/CMake/CMake/share/cmake-3.29/Modules/Internal/CMakeDetermineLinkerId.cmake:40 (message)"
      - "C:/Program Files/Microsoft Visual Studio/2022/Community/Common7/IDE/CommonExtensions/Microsoft/CMake/CMake/share/cmake-3.29/Modules/CMakeDetermineCompilerABI.cmake:210 (cmake_determine_linker_id)"
      - "C:/Program Files/Microsoft Visual Studio/2022/Community/Common7/IDE/CommonExtensions/Microsoft/CMake/CMake/share/cmake-3.29/Modules/CMakeTestCCompiler.cmake:26 (CMAKE_DETERMINE_COMPILER_ABI)"
      - "CMakeLists.txt:72 (project)"
    message: |
      Running the C compiler's linker: "C:/PROGRA~1/MIB055~1/2022/COMMUN~1/VC/Tools/MSVC/1442~1.344/bin/Hostx64/x64/link.exe" "-v"
      Microsoft (R) Incremental Linker Version 14.42.34436.0
      Copyright (C) Microsoft Corporation.  All rights reserved.
  -
    kind: "try_compile-v1"
    backtrace:
      - "CMake/Macros.cmake:50 (try_compile)"
      - "CMakeLists.txt:176 (curl_internal_test)"
    directories:
      source: "D:/Proyectos/C++/Hangie/vcpkg_installed/vcpkg/blds/curl/x64-windows-rel/CMakeFiles/CMakeTmp"
      binary: "D:/Proyectos/C++/Hangie/vcpkg_installed/vcpkg/blds/curl/x64-windows-rel/CMakeFiles/CMakeTmp"
    cmakeVariables:
      CMAKE_C_FLAGS: " /nologo /DWIN32 /D_WINDOWS /utf-8 /MP "
      CMAKE_C_FLAGS_DEBUG: "/D_DEBUG /MDd /Z7 /Ob0 /Od /RTC1 "
      CMAKE_EXE_LINKER_FLAGS: "/machine:x64"
      CMAKE_MODULE_PATH: "D:/Proyectos/C++/Hangie/vcpkg_installed/vcpkg/blds/curl/src/url-8_10_1-8b052efba7.clean/CMake;"
      CMAKE_MSVC_DEBUG_INFORMATION_FORMAT: ""
      CMAKE_MSVC_RUNTIME_LIBRARY: "MultiThreaded$<$<CONFIG:Debug>:Debug>$<$<STREQUAL:dynamic,dynamic>:DLL>"
      VCPKG_CHAINLOAD_TOOLCHAIN_FILE: "C:/Program Files/Microsoft Visual Studio/2022/Community/VC/vcpkg/scripts/toolchains/windows.cmake"
      VCPKG_CRT_LINKAGE: "dynamic"
      VCPKG_CXX_FLAGS: ""
      VCPKG_CXX_FLAGS_DEBUG: ""
      VCPKG_CXX_FLAGS_RELEASE: ""
      VCPKG_C_FLAGS: ""
      VCPKG_C_FLAGS_DEBUG: ""
      VCPKG_C_FLAGS_RELEASE: ""
      VCPKG_INSTALLED_DIR: "D:/Proyectos/C++/Hangie/vcpkg_installed"
      VCPKG_LINKER_FLAGS: ""
      VCPKG_LINKER_FLAGS_DEBUG: ""
      VCPKG_LINKER_FLAGS_RELEASE: ""
      VCPKG_PLATFORM_TOOLSET: "v143"
      VCPKG_PREFER_SYSTEM_LIBS: "OFF"
      VCPKG_SET_CHARSET_FLAG: "ON"
      VCPKG_TARGET_ARCHITECTURE: "x64"
      VCPKG_TARGET_TRIPLET: "x64-windows"
      Z_VCPKG_ROOT_DIR: "C:/Program Files/Microsoft Visual Studio/2022/Community/VC/vcpkg"
    buildResult:
      variable: "HAVE_WIN32_WINNT"
      cached: true
      stdout: |
        Change Dir: 'D:/Proyectos/C++/Hangie/vcpkg_installed/vcpkg/blds/curl/x64-windows-rel/CMakeFiles/CMakeTmp'
        
        Run Build Command(s): "C:/Program Files/Microsoft Visual Studio/2022/Community/Common7/IDE/CommonExtensions/Microsoft/CMake/Ninja/ninja.exe" -v cmTC_98f46
        [1/2] C:\\PROGRA~1\\MIB055~1\\2022\\COMMUN~1\\VC\\Tools\\MSVC\\1442~1.344\\bin\\Hostx64\\x64\\cl.exe  /nologo   /nologo /DWIN32 /D_WINDOWS /utf-8 /MP  -DHAVE_WIN32_WINNT /D_DEBUG /MDd /Z7 /Ob0 /Od /RTC1  -MDd /showIncludes /FoCMakeFiles\\cmTC_98f46.dir\\CurlTests.c.obj /FdCMakeFiles\\cmTC_98f46.dir\\ /FS -c D:\\Proyectos\\C++\\Hangie\\vcpkg_installed\\vcpkg\\blds\\curl\\src\\url-8_10_1-8b052efba7.clean\\CMake\\CurlTests.c
        _WIN32_WINNT=0x0A00
        [2/2] C:\\Windows\\system32\\cmd.exe /C "cd . && "C:\\Program Files\\Microsoft Visual Studio\\2022\\Community\\Common7\\IDE\\CommonExtensions\\Microsoft\\CMake\\CMake\\bin\\cmake.exe" -E vs_link_exe --intdir=CMakeFiles\\cmTC_98f46.dir --rc=C:\\PROGRA~2\\WI3CF2~1\\10\\bin\\100226~1.0\\x64\\rc.exe --mt=C:\\PROGRA~2\\WI3CF2~1\\10\\bin\\100226~1.0\\x64\\mt.exe --manifests  -- C:\\PROGRA~1\\MIB055~1\\2022\\COMMUN~1\\VC\\Tools\\MSVC\\1442~1.344\\bin\\Hostx64\\x64\\link.exe /nologo CMakeFiles\\cmTC_98f46.dir\\CurlTests.c.obj  /out:cmTC_98f46.exe /implib:cmTC_98f46.lib /pdb:cmTC_98f46.pdb /version:0.0 /machine:x64  /nologo    /debug /INCREMENTAL /subsystem:console  kernel32.lib user32.lib gdi32.lib winspool.lib shell32.lib ole32.lib oleaut32.lib uuid.lib comdlg32.lib advapi32.lib && cd ."
        
      exitCode: 0
  -
    kind: "try_compile-v1"
    backtrace:
      - "C:/Program Files/Microsoft Visual Studio/2022/Community/Common7/IDE/CommonExtensions/Microsoft/CMake/CMake/share/cmake-3.29/Modules/CheckIncludeFile.cmake:90 (try_compile)"
      - "C:/Program Files/Microsoft Visual Studio/2022/Community/Common7/IDE/CommonExtensions/Microsoft/CMake/CMake/share/cmake-3.29/Modules/CheckTypeSize.cmake:251 (check_include_file)"
      - "CMakeLists.txt:1463 (check_type_size)"
    checks:
      - "Looking for stdint.h"
    directories:
      source: "D:/Proyectos/C++/Hangie/vcpkg_installed/vcpkg/blds/curl/x64-windows-rel/CMakeFiles/CMakeScratch/TryCompile-poprib"
      binary: "D:/Proyectos/C++/Hangie/vcpkg_installed/vcpkg/blds/curl/x64-windows-rel/CMakeFiles/CMakeScratch/TryCompile-poprib"
    cmakeVariables:
      CMAKE_C_FLAGS: " /nologo /DWIN32 /D_WINDOWS /utf-8 /MP "
      CMAKE_C_FLAGS_DEBUG: "/D_DEBUG /MDd /Z7 /Ob0 /Od /RTC1 "
      CMAKE_EXE_LINKER_FLAGS: "/machine:x64"
      CMAKE_MODULE_PATH: "D:/Proyectos/C++/Hangie/vcpkg_installed/vcpkg/blds/curl/src/url-8_10_1-8b052efba7.clean/CMake;"
      CMAKE_MSVC_DEBUG_INFORMATION_FORMAT: ""
      CMAKE_MSVC_RUNTIME_LIBRARY: "MultiThreaded$<$<CONFIG:Debug>:Debug>$<$<STREQUAL:dynamic,dynamic>:DLL>"
      VCPKG_CHAINLOAD_TOOLCHAIN_FILE: "C:/Program Files/Microsoft Visual Studio/2022/Community/VC/vcpkg/scripts/toolchains/windows.cmake"
      VCPKG_CRT_LINKAGE: "dynamic"
      VCPKG_CXX_FLAGS: ""
      VCPKG_CXX_FLAGS_DEBUG: ""
      VCPKG_CXX_FLAGS_RELEASE: ""
      VCPKG_C_FLAGS: ""
      VCPKG_C_FLAGS_DEBUG: ""
      VCPKG_C_FLAGS_RELEASE: ""
      VCPKG_INSTALLED_DIR: "D:/Proyectos/C++/Hangie/vcpkg_installed"
      VCPKG_LINKER_FLAGS: ""
      VCPKG_LINKER_FLAGS_DEBUG: ""
      VCPKG_LINKER_FLAGS_RELEASE: ""
      VCPKG_PLATFORM_TOOLSET: "v143"
      VCPKG_PREFER_SYSTEM_LIBS: "OFF"
      VCPKG_SET_CHARSET_FLAG: "ON"
      VCPKG_TARGET_ARCHITECTURE: "x64"
      VCPKG_TARGET_TRIPLET: "x64-windows"
      Z_VCPKG_ROOT_DIR: "C:/Program Files/Microsoft Visual Studio/2022/Community/VC/vcpkg"
    buildResult:
      variable: "HAVE_STDINT_H"
      cached: true
      stdout: |
        Change Dir: 'D:/Proyectos/C++/Hangie/vcpkg_installed/vcpkg/blds/curl/x64-windows-rel/CMakeFiles/CMakeScratch/TryCompile-poprib'
        
        Run Build Command(s): "C:/Program Files/Microsoft Visual Studio/2022/Community/Common7/IDE/CommonExtensions/Microsoft/CMake/Ninja/ninja.exe" -v cmTC_8e40b
        [1/2] C:\\PROGRA~1\\MIB055~1\\2022\\COMMUN~1\\VC\\Tools\\MSVC\\1442~1.344\\bin\\Hostx64\\x64\\cl.exe  /nologo  -ID:\\Proyectos\\C++\\Hangie\\vcpkg_installed\\x64-windows\\include /nologo /DWIN32 /D_WINDOWS /utf-8 /MP   /D_DEBUG /MDd /Z7 /Ob0 /Od /RTC1  -MDd /showIncludes /FoCMakeFiles\\cmTC_8e40b.dir\\CheckIncludeFile.c.obj /FdCMakeFiles\\cmTC_8e40b.dir\\ /FS -c D:\\Proyectos\\C++\\Hangie\\vcpkg_installed\\vcpkg\\blds\\curl\\x64-windows-rel\\CMakeFiles\\CMakeScratch\\TryCompile-poprib\\CheckIncludeFile.c
        [2/2] C:\\Windows\\system32\\cmd.exe /C "cd . && "C:\\Program Files\\Microsoft Visual Studio\\2022\\Community\\Common7\\IDE\\CommonExtensions\\Microsoft\\CMake\\CMake\\bin\\cmake.exe" -E vs_link_exe --intdir=CMakeFiles\\cmTC_8e40b.dir --rc=C:\\PROGRA~2\\WI3CF2~1\\10\\bin\\100226~1.0\\x64\\rc.exe --mt=C:\\PROGRA~2\\WI3CF2~1\\10\\bin\\100226~1.0\\x64\\mt.exe --manifests  -- C:\\PROGRA~1\\MIB055~1\\2022\\COMMUN~1\\VC\\Tools\\MSVC\\1442~1.344\\bin\\Hostx64\\x64\\link.exe /nologo CMakeFiles\\cmTC_8e40b.dir\\CheckIncludeFile.c.obj  /out:cmTC_8e40b.exe /implib:cmTC_8e40b.lib /pdb:cmTC_8e40b.pdb /version:0.0 /machine:x64  /nologo    /debug /INCREMENTAL /subsystem:console  kernel32.lib user32.lib gdi32.lib winspool.lib shell32.lib ole32.lib oleaut32.lib uuid.lib comdlg32.lib advapi32.lib && cd ."
        
      exitCode: 0
  -
    kind: "try_compile-v1"
    backtrace:
      - "C:/Program Files/Microsoft Visual Studio/2022/Community/Common7/IDE/CommonExtensions/Microsoft/CMake/CMake/share/cmake-3.29/Modules/CheckTypeSize.cmake:146 (try_compile)"
      - "C:/Program Files/Microsoft Visual Studio/2022/Community/Common7/IDE/CommonExtensions/Microsoft/CMake/CMake/share/cmake-3.29/Modules/CheckTypeSize.cmake:271 (__check_type_size_impl)"
      - "CMakeLists.txt:1463 (check_type_size)"
    checks:
      - "Check size of size_t"
    directories:
      source: "D:/Proyectos/C++/Hangie/vcpkg_installed/vcpkg/blds/curl/x64-windows-rel/CMakeFiles/CMakeScratch/TryCompile-eaep75"
      binary: "D:/Proyectos/C++/Hangie/vcpkg_installed/vcpkg/blds/curl/x64-windows-rel/CMakeFiles/CMakeScratch/TryCompile-eaep75"
    cmakeVariables:
      CMAKE_C_FLAGS: " /nologo /DWIN32 /D_WINDOWS /utf-8 /MP "
      CMAKE_C_FLAGS_DEBUG: "/D_DEBUG /MDd /Z7 /Ob0 /Od /RTC1 "
      CMAKE_EXE_LINKER_FLAGS: "/machine:x64"
      CMAKE_MODULE_PATH: "D:/Proyectos/C++/Hangie/vcpkg_installed/vcpkg/blds/curl/src/url-8_10_1-8b052efba7.clean/CMake;"
      CMAKE_MSVC_DEBUG_INFORMATION_FORMAT: ""
      CMAKE_MSVC_RUNTIME_LIBRARY: "MultiThreaded$<$<CONFIG:Debug>:Debug>$<$<STREQUAL:dynamic,dynamic>:DLL>"
      VCPKG_CHAINLOAD_TOOLCHAIN_FILE: "C:/Program Files/Microsoft Visual Studio/2022/Community/VC/vcpkg/scripts/toolchains/windows.cmake"
      VCPKG_CRT_LINKAGE: "dynamic"
      VCPKG_CXX_FLAGS: ""
      VCPKG_CXX_FLAGS_DEBUG: ""
      VCPKG_CXX_FLAGS_RELEASE: ""
      VCPKG_C_FLAGS: ""
      VCPKG_C_FLAGS_DEBUG: ""
      VCPKG_C_FLAGS_RELEASE: ""
      VCPKG_INSTALLED_DIR: "D:/Proyectos/C++/Hangie/vcpkg_installed"
      VCPKG_LINKER_FLAGS: ""
      VCPKG_LINKER_FLAGS_DEBUG: ""
      VCPKG_LINKER_FLAGS_RELEASE: ""
      VCPKG_PLATFORM_TOOLSET: "v143"
      VCPKG_PREFER_SYSTEM_LIBS: "OFF"
      VCPKG_SET_CHARSET_FLAG: "ON"
      VCPKG_TARGET_ARCHITECTURE: "x64"
      VCPKG_TARGET_TRIPLET: "x64-windows"
      Z_VCPKG_ROOT_DIR: "C:/Program Files/Microsoft Visual Studio/2022/Community/VC/vcpkg"
    buildResult:
      variable: "HAVE_SIZEOF_SIZE_T"
      cached: true
      stdout: |
        Change Dir: 'D:/Proyectos/C++/Hangie/vcpkg_installed/vcpkg/blds/curl/x64-windows-rel/CMakeFiles/CMakeScratch/TryCompile-eaep75'
        
        Run Build Command(s): "C:/Program Files/Microsoft Visual Studio/2022/Community/Common7/IDE/CommonExtensions/Microsoft/CMake/Ninja/ninja.exe" -v cmTC_5f419
        [1/2] C:\\PROGRA~1\\MIB055~1\\2022\\COMMUN~1\\VC\\Tools\\MSVC\\1442~1.344\\bin\\Hostx64\\x64\\cl.exe  /nologo  -ID:\\Proyectos\\C++\\Hangie\\vcpkg_installed\\x64-windows\\include /nologo /DWIN32 /D_WINDOWS /utf-8 /MP   /D_DEBUG /MDd /Z7 /Ob0 /Od /RTC1  -MDd /showIncludes /FoCMakeFiles\\cmTC_5f419.dir\\SIZEOF_SIZE_T.c.obj /FdCMakeFiles\\cmTC_5f419.dir\\ /FS -c D:\\Proyectos\\C++\\Hangie\\vcpkg_installed\\vcpkg\\blds\\curl\\x64-windows-rel\\CMakeFiles\\CMakeScratch\\TryCompile-eaep75\\SIZEOF_SIZE_T.c
        [2/2] C:\\Windows\\system32\\cmd.exe /C "cd . && "C:\\Program Files\\Microsoft Visual Studio\\2022\\Community\\Common7\\IDE\\CommonExtensions\\Microsoft\\CMake\\CMake\\bin\\cmake.exe" -E vs_link_exe --intdir=CMakeFiles\\cmTC_5f419.dir --rc=C:\\PROGRA~2\\WI3CF2~1\\10\\bin\\100226~1.0\\x64\\rc.exe --mt=C:\\PROGRA~2\\WI3CF2~1\\10\\bin\\100226~1.0\\x64\\mt.exe --manifests  -- C:\\PROGRA~1\\MIB055~1\\2022\\COMMUN~1\\VC\\Tools\\MSVC\\1442~1.344\\bin\\Hostx64\\x64\\link.exe /nologo CMakeFiles\\cmTC_5f419.dir\\SIZEOF_SIZE_T.c.obj  /out:cmTC_5f419.exe /implib:cmTC_5f419.lib /pdb:cmTC_5f419.pdb /version:0.0 /machine:x64  /nologo    /debug /INCREMENTAL /subsystem:console  kernel32.lib user32.lib gdi32.lib winspool.lib shell32.lib ole32.lib oleaut32.lib uuid.lib comdlg32.lib advapi32.lib && cd ."
        
      exitCode: 0
  -
    kind: "try_compile-v1"
    backtrace:
      - "C:/Program Files/Microsoft Visual Studio/2022/Community/Common7/IDE/CommonExtensions/Microsoft/CMake/CMake/share/cmake-3.29/Modules/CheckTypeSize.cmake:146 (try_compile)"
      - "C:/Program Files/Microsoft Visual Studio/2022/Community/Common7/IDE/CommonExtensions/Microsoft/CMake/CMake/share/cmake-3.29/Modules/CheckTypeSize.cmake:271 (__check_type_size_impl)"
      - "CMakeLists.txt:1464 (check_type_size)"
    checks:
      - "Check size of ssize_t"
    directories:
      source: "D:/Proyectos/C++/Hangie/vcpkg_installed/vcpkg/blds/curl/x64-windows-rel/CMakeFiles/CMakeScratch/TryCompile-q5nwxa"
      binary: "D:/Proyectos/C++/Hangie/vcpkg_installed/vcpkg/blds/curl/x64-windows-rel/CMakeFiles/CMakeScratch/TryCompile-q5nwxa"
    cmakeVariables:
      CMAKE_C_FLAGS: " /nologo /DWIN32 /D_WINDOWS /utf-8 /MP "
      CMAKE_C_FLAGS_DEBUG: "/D_DEBUG /MDd /Z7 /Ob0 /Od /RTC1 "
      CMAKE_EXE_LINKER_FLAGS: "/machine:x64"
      CMAKE_MODULE_PATH: "D:/Proyectos/C++/Hangie/vcpkg_installed/vcpkg/blds/curl/src/url-8_10_1-8b052efba7.clean/CMake;"
      CMAKE_MSVC_DEBUG_INFORMATION_FORMAT: ""
      CMAKE_MSVC_RUNTIME_LIBRARY: "MultiThreaded$<$<CONFIG:Debug>:Debug>$<$<STREQUAL:dynamic,dynamic>:DLL>"
      VCPKG_CHAINLOAD_TOOLCHAIN_FILE: "C:/Program Files/Microsoft Visual Studio/2022/Community/VC/vcpkg/scripts/toolchains/windows.cmake"
      VCPKG_CRT_LINKAGE: "dynamic"
      VCPKG_CXX_FLAGS: ""
      VCPKG_CXX_FLAGS_DEBUG: ""
      VCPKG_CXX_FLAGS_RELEASE: ""
      VCPKG_C_FLAGS: ""
      VCPKG_C_FLAGS_DEBUG: ""
      VCPKG_C_FLAGS_RELEASE: ""
      VCPKG_INSTALLED_DIR: "D:/Proyectos/C++/Hangie/vcpkg_installed"
      VCPKG_LINKER_FLAGS: ""
      VCPKG_LINKER_FLAGS_DEBUG: ""
      VCPKG_LINKER_FLAGS_RELEASE: ""
      VCPKG_PLATFORM_TOOLSET: "v143"
      VCPKG_PREFER_SYSTEM_LIBS: "OFF"
      VCPKG_SET_CHARSET_FLAG: "ON"
      VCPKG_TARGET_ARCHITECTURE: "x64"
      VCPKG_TARGET_TRIPLET: "x64-windows"
      Z_VCPKG_ROOT_DIR: "C:/Program Files/Microsoft Visual Studio/2022/Community/VC/vcpkg"
    buildResult:
      variable: "HAVE_SIZEOF_SSIZE_T"
      cached: true
      stdout: |
        Change Dir: 'D:/Proyectos/C++/Hangie/vcpkg_installed/vcpkg/blds/curl/x64-windows-rel/CMakeFiles/CMakeScratch/TryCompile-q5nwxa'
        
        Run Build Command(s): "C:/Program Files/Microsoft Visual Studio/2022/Community/Common7/IDE/CommonExtensions/Microsoft/CMake/Ninja/ninja.exe" -v cmTC_ed241
        [1/2] C:\\PROGRA~1\\MIB055~1\\2022\\COMMUN~1\\VC\\Tools\\MSVC\\1442~1.344\\bin\\Hostx64\\x64\\cl.exe  /nologo  -ID:\\Proyectos\\C++\\Hangie\\vcpkg_installed\\x64-windows\\include /nologo /DWIN32 /D_WINDOWS /utf-8 /MP   /D_DEBUG /MDd /Z7 /Ob0 /Od /RTC1  -MDd /showIncludes /FoCMakeFiles\\cmTC_ed241.dir\\SIZEOF_SSIZE_T.c.obj /FdCMakeFiles\\cmTC_ed241.dir\\ /FS -c D:\\Proyectos\\C++\\Hangie\\vcpkg_installed\\vcpkg\\blds\\curl\\x64-windows-rel\\CMakeFiles\\CMakeScratch\\TryCompile-q5nwxa\\SIZEOF_SSIZE_T.c
        FAILED: CMakeFiles/cmTC_ed241.dir/SIZEOF_SSIZE_T.c.obj 
        C:\\PROGRA~1\\MIB055~1\\2022\\COMMUN~1\\VC\\Tools\\MSVC\\1442~1.344\\bin\\Hostx64\\x64\\cl.exe  /nologo  -ID:\\Proyectos\\C++\\Hangie\\vcpkg_installed\\x64-windows\\include /nologo /DWIN32 /D_WINDOWS /utf-8 /MP   /D_DEBUG /MDd /Z7 /Ob0 /Od /RTC1  -MDd /showIncludes /FoCMakeFiles\\cmTC_ed241.dir\\SIZEOF_SSIZE_T.c.obj /FdCMakeFiles\\cmTC_ed241.dir\\ /FS -c D:\\Proyectos\\C++\\Hangie\\vcpkg_installed\\vcpkg\\blds\\curl\\x64-windows-rel\\CMakeFiles\\CMakeScratch\\TryCompile-q5nwxa\\SIZEOF_SSIZE_T.c
        D:\\Proyectos\\C++\\Hangie\\vcpkg_installed\\vcpkg\\blds\\curl\\x64-windows-rel\\CMakeFiles\\CMakeScratch\\TryCompile-q5nwxa\\SIZEOF_SSIZE_T.c(29): error C2065: 'ssize_t': undeclared identifier
        D:\\Proyectos\\C++\\Hangie\\vcpkg_installed\\vcpkg\\blds\\curl\\x64-windows-rel\\CMakeFiles\\CMakeScratch\\TryCompile-q5nwxa\\SIZEOF_SSIZE_T.c(30): error C2065: 'ssize_t': undeclared identifier
        D:\\Proyectos\\C++\\Hangie\\vcpkg_installed\\vcpkg\\blds\\curl\\x64-windows-rel\\CMakeFiles\\CMakeScratch\\TryCompile-q5nwxa\\SIZEOF_SSIZE_T.c(31): error C2065: 'ssize_t': undeclared identifier
        D:\\Proyectos\\C++\\Hangie\\vcpkg_installed\\vcpkg\\blds\\curl\\x64-windows-rel\\CMakeFiles\\CMakeScratch\\TryCompile-q5nwxa\\SIZEOF_SSIZE_T.c(32): error C2065: 'ssize_t': undeclared identifier
        D:\\Proyectos\\C++\\Hangie\\vcpkg_installed\\vcpkg\\blds\\curl\\x64-windows-rel\\CMakeFiles\\CMakeScratch\\TryCompile-q5nwxa\\SIZEOF_SSIZE_T.c(33): error C2065: 'ssize_t': undeclared identifier
        ninja: build stopped: subcommand failed.
        
      exitCode: 1
  -
    kind: "try_compile-v1"
    backtrace:
      - "C:/Program Files/Microsoft Visual Studio/2022/Community/Common7/IDE/CommonExtensions/Microsoft/CMake/CMake/share/cmake-3.29/Modules/CheckTypeSize.cmake:146 (try_compile)"
      - "C:/Program Files/Microsoft Visual Studio/2022/Community/Common7/IDE/CommonExtensions/Microsoft/CMake/CMake/share/cmake-3.29/Modules/CheckTypeSize.cmake:271 (__check_type_size_impl)"
      - "CMakeLists.txt:1465 (check_type_size)"
    checks:
      - "Check size of long long"
    directories:
      source: "D:/Proyectos/C++/Hangie/vcpkg_installed/vcpkg/blds/curl/x64-windows-rel/CMakeFiles/CMakeScratch/TryCompile-sucyra"
      binary: "D:/Proyectos/C++/Hangie/vcpkg_installed/vcpkg/blds/curl/x64-windows-rel/CMakeFiles/CMakeScratch/TryCompile-sucyra"
    cmakeVariables:
      CMAKE_C_FLAGS: " /nologo /DWIN32 /D_WINDOWS /utf-8 /MP "
      CMAKE_C_FLAGS_DEBUG: "/D_DEBUG /MDd /Z7 /Ob0 /Od /RTC1 "
      CMAKE_EXE_LINKER_FLAGS: "/machine:x64"
      CMAKE_MODULE_PATH: "D:/Proyectos/C++/Hangie/vcpkg_installed/vcpkg/blds/curl/src/url-8_10_1-8b052efba7.clean/CMake;"
      CMAKE_MSVC_DEBUG_INFORMATION_FORMAT: ""
      CMAKE_MSVC_RUNTIME_LIBRARY: "MultiThreaded$<$<CONFIG:Debug>:Debug>$<$<STREQUAL:dynamic,dynamic>:DLL>"
      VCPKG_CHAINLOAD_TOOLCHAIN_FILE: "C:/Program Files/Microsoft Visual Studio/2022/Community/VC/vcpkg/scripts/toolchains/windows.cmake"
      VCPKG_CRT_LINKAGE: "dynamic"
      VCPKG_CXX_FLAGS: ""
      VCPKG_CXX_FLAGS_DEBUG: ""
      VCPKG_CXX_FLAGS_RELEASE: ""
      VCPKG_C_FLAGS: ""
      VCPKG_C_FLAGS_DEBUG: ""
      VCPKG_C_FLAGS_RELEASE: ""
      VCPKG_INSTALLED_DIR: "D:/Proyectos/C++/Hangie/vcpkg_installed"
      VCPKG_LINKER_FLAGS: ""
      VCPKG_LINKER_FLAGS_DEBUG: ""
      VCPKG_LINKER_FLAGS_RELEASE: ""
      VCPKG_PLATFORM_TOOLSET: "v143"
      VCPKG_PREFER_SYSTEM_LIBS: "OFF"
      VCPKG_SET_CHARSET_FLAG: "ON"
      VCPKG_TARGET_ARCHITECTURE: "x64"
      VCPKG_TARGET_TRIPLET: "x64-windows"
      Z_VCPKG_ROOT_DIR: "C:/Program Files/Microsoft Visual Studio/2022/Community/VC/vcpkg"
    buildResult:
      variable: "HAVE_SIZEOF_LONG_LONG"
      cached: true
      stdout: |
        Change Dir: 'D:/Proyectos/C++/Hangie/vcpkg_installed/vcpkg/blds/curl/x64-windows-rel/CMakeFiles/CMakeScratch/TryCompile-sucyra'
        
        Run Build Command(s): "C:/Program Files/Microsoft Visual Studio/2022/Community/Common7/IDE/CommonExtensions/Microsoft/CMake/Ninja/ninja.exe" -v cmTC_940b3
        [1/2] C:\\PROGRA~1\\MIB055~1\\2022\\COMMUN~1\\VC\\Tools\\MSVC\\1442~1.344\\bin\\Hostx64\\x64\\cl.exe  /nologo  -ID:\\Proyectos\\C++\\Hangie\\vcpkg_installed\\x64-windows\\include /nologo /DWIN32 /D_WINDOWS /utf-8 /MP   /D_DEBUG /MDd /Z7 /Ob0 /Od /RTC1  -MDd /showIncludes /FoCMakeFiles\\cmTC_940b3.dir\\SIZEOF_LONG_LONG.c.obj /FdCMakeFiles\\cmTC_940b3.dir\\ /FS -c D:\\Proyectos\\C++\\Hangie\\vcpkg_installed\\vcpkg\\blds\\curl\\x64-windows-rel\\CMakeFiles\\CMakeScratch\\TryCompile-sucyra\\SIZEOF_LONG_LONG.c
        [2/2] C:\\Windows\\system32\\cmd.exe /C "cd . && "C:\\Program Files\\Microsoft Visual Studio\\2022\\Community\\Common7\\IDE\\CommonExtensions\\Microsoft\\CMake\\CMake\\bin\\cmake.exe" -E vs_link_exe --intdir=CMakeFiles\\cmTC_940b3.dir --rc=C:\\PROGRA~2\\WI3CF2~1\\10\\bin\\100226~1.0\\x64\\rc.exe --mt=C:\\PROGRA~2\\WI3CF2~1\\10\\bin\\100226~1.0\\x64\\mt.exe --manifests  -- C:\\PROGRA~1\\MIB055~1\\2022\\COMMUN~1\\VC\\Tools\\MSVC\\1442~1.344\\bin\\Hostx64\\x64\\link.exe /nologo CMakeFiles\\cmTC_940b3.dir\\SIZEOF_LONG_LONG.c.obj  /out:cmTC_940b3.exe /implib:cmTC_940b3.lib /pdb:cmTC_940b3.pdb /version:0.0 /machine:x64  /nologo    /debug /INCREMENTAL /subsystem:console  kernel32.lib user32.lib gdi32.lib winspool.lib shell32.lib ole32.lib oleaut32.lib uuid.lib comdlg32.lib advapi32.lib && cd ."
        
      exitCode: 0
  -
    kind: "try_compile-v1"
    backtrace:
      - "C:/Program Files/Microsoft Visual Studio/2022/Community/Common7/IDE/CommonExtensions/Microsoft/CMake/CMake/share/cmake-3.29/Modules/CheckTypeSize.cmake:146 (try_compile)"
      - "C:/Program Files/Microsoft Visual Studio/2022/Community/Common7/IDE/CommonExtensions/Microsoft/CMake/CMake/share/cmake-3.29/Modules/CheckTypeSize.cmake:271 (__check_type_size_impl)"
      - "CMakeLists.txt:1466 (check_type_size)"
    checks:
      - "Check size of long"
    directories:
      source: "D:/Proyectos/C++/Hangie/vcpkg_installed/vcpkg/blds/curl/x64-windows-rel/CMakeFiles/CMakeScratch/TryCompile-2o02hi"
      binary: "D:/Proyectos/C++/Hangie/vcpkg_installed/vcpkg/blds/curl/x64-windows-rel/CMakeFiles/CMakeScratch/TryCompile-2o02hi"
    cmakeVariables:
      CMAKE_C_FLAGS: " /nologo /DWIN32 /D_WINDOWS /utf-8 /MP "
      CMAKE_C_FLAGS_DEBUG: "/D_DEBUG /MDd /Z7 /Ob0 /Od /RTC1 "
      CMAKE_EXE_LINKER_FLAGS: "/machine:x64"
      CMAKE_MODULE_PATH: "D:/Proyectos/C++/Hangie/vcpkg_installed/vcpkg/blds/curl/src/url-8_10_1-8b052efba7.clean/CMake;"
      CMAKE_MSVC_DEBUG_INFORMATION_FORMAT: ""
      CMAKE_MSVC_RUNTIME_LIBRARY: "MultiThreaded$<$<CONFIG:Debug>:Debug>$<$<STREQUAL:dynamic,dynamic>:DLL>"
      VCPKG_CHAINLOAD_TOOLCHAIN_FILE: "C:/Program Files/Microsoft Visual Studio/2022/Community/VC/vcpkg/scripts/toolchains/windows.cmake"
      VCPKG_CRT_LINKAGE: "dynamic"
      VCPKG_CXX_FLAGS: ""
      VCPKG_CXX_FLAGS_DEBUG: ""
      VCPKG_CXX_FLAGS_RELEASE: ""
      VCPKG_C_FLAGS: ""
      VCPKG_C_FLAGS_DEBUG: ""
      VCPKG_C_FLAGS_RELEASE: ""
      VCPKG_INSTALLED_DIR: "D:/Proyectos/C++/Hangie/vcpkg_installed"
      VCPKG_LINKER_FLAGS: ""
      VCPKG_LINKER_FLAGS_DEBUG: ""
      VCPKG_LINKER_FLAGS_RELEASE: ""
      VCPKG_PLATFORM_TOOLSET: "v143"
      VCPKG_PREFER_SYSTEM_LIBS: "OFF"
      VCPKG_SET_CHARSET_FLAG: "ON"
      VCPKG_TARGET_ARCHITECTURE: "x64"
      VCPKG_TARGET_TRIPLET: "x64-windows"
      Z_VCPKG_ROOT_DIR: "C:/Program Files/Microsoft Visual Studio/2022/Community/VC/vcpkg"
    buildResult:
      variable: "HAVE_SIZEOF_LONG"
      cached: true
      stdout: |
        Change Dir: 'D:/Proyectos/C++/Hangie/vcpkg_installed/vcpkg/blds/curl/x64-windows-rel/CMakeFiles/CMakeScratch/TryCompile-2o02hi'
        
        Run Build Command(s): "C:/Program Files/Microsoft Visual Studio/2022/Community/Common7/IDE/CommonExtensions/Microsoft/CMake/Ninja/ninja.exe" -v cmTC_99a2a
        [1/2] C:\\PROGRA~1\\MIB055~1\\2022\\COMMUN~1\\VC\\Tools\\MSVC\\1442~1.344\\bin\\Hostx64\\x64\\cl.exe  /nologo  -ID:\\Proyectos\\C++\\Hangie\\vcpkg_installed\\x64-windows\\include /nologo /DWIN32 /D_WINDOWS /utf-8 /MP   /D_DEBUG /MDd /Z7 /Ob0 /Od /RTC1  -MDd /showIncludes /FoCMakeFiles\\cmTC_99a2a.dir\\SIZEOF_LONG.c.obj /FdCMakeFiles\\cmTC_99a2a.dir\\ /FS -c D:\\Proyectos\\C++\\Hangie\\vcpkg_installed\\vcpkg\\blds\\curl\\x64-windows-rel\\CMakeFiles\\CMakeScratch\\TryCompile-2o02hi\\SIZEOF_LONG.c
        [2/2] C:\\Windows\\system32\\cmd.exe /C "cd . && "C:\\Program Files\\Microsoft Visual Studio\\2022\\Community\\Common7\\IDE\\CommonExtensions\\Microsoft\\CMake\\CMake\\bin\\cmake.exe" -E vs_link_exe --intdir=CMakeFiles\\cmTC_99a2a.dir --rc=C:\\PROGRA~2\\WI3CF2~1\\10\\bin\\100226~1.0\\x64\\rc.exe --mt=C:\\PROGRA~2\\WI3CF2~1\\10\\bin\\100226~1.0\\x64\\mt.exe --manifests  -- C:\\PROGRA~1\\MIB055~1\\2022\\COMMUN~1\\VC\\Tools\\MSVC\\1442~1.344\\bin\\Hostx64\\x64\\link.exe /nologo CMakeFiles\\cmTC_99a2a.dir\\SIZEOF_LONG.c.obj  /out:cmTC_99a2a.exe /implib:cmTC_99a2a.lib /pdb:cmTC_99a2a.pdb /version:0.0 /machine:x64  /nologo    /debug /INCREMENTAL /subsystem:console  kernel32.lib user32.lib gdi32.lib winspool.lib shell32.lib ole32.lib oleaut32.lib uuid.lib comdlg32.lib advapi32.lib && cd ."
        
      exitCode: 0
  -
    kind: "try_compile-v1"
    backtrace:
      - "C:/Program Files/Microsoft Visual Studio/2022/Community/Common7/IDE/CommonExtensions/Microsoft/CMake/CMake/share/cmake-3.29/Modules/CheckTypeSize.cmake:146 (try_compile)"
      - "C:/Program Files/Microsoft Visual Studio/2022/Community/Common7/IDE/CommonExtensions/Microsoft/CMake/CMake/share/cmake-3.29/Modules/CheckTypeSize.cmake:271 (__check_type_size_impl)"
      - "CMakeLists.txt:1467 (check_type_size)"
    checks:
      - "Check size of int"
    directories:
      source: "D:/Proyectos/C++/Hangie/vcpkg_installed/vcpkg/blds/curl/x64-windows-rel/CMakeFiles/CMakeScratch/TryCompile-qnelr3"
      binary: "D:/Proyectos/C++/Hangie/vcpkg_installed/vcpkg/blds/curl/x64-windows-rel/CMakeFiles/CMakeScratch/TryCompile-qnelr3"
    cmakeVariables:
      CMAKE_C_FLAGS: " /nologo /DWIN32 /D_WINDOWS /utf-8 /MP "
      CMAKE_C_FLAGS_DEBUG: "/D_DEBUG /MDd /Z7 /Ob0 /Od /RTC1 "
      CMAKE_EXE_LINKER_FLAGS: "/machine:x64"
      CMAKE_MODULE_PATH: "D:/Proyectos/C++/Hangie/vcpkg_installed/vcpkg/blds/curl/src/url-8_10_1-8b052efba7.clean/CMake;"
      CMAKE_MSVC_DEBUG_INFORMATION_FORMAT: ""
      CMAKE_MSVC_RUNTIME_LIBRARY: "MultiThreaded$<$<CONFIG:Debug>:Debug>$<$<STREQUAL:dynamic,dynamic>:DLL>"
      VCPKG_CHAINLOAD_TOOLCHAIN_FILE: "C:/Program Files/Microsoft Visual Studio/2022/Community/VC/vcpkg/scripts/toolchains/windows.cmake"
      VCPKG_CRT_LINKAGE: "dynamic"
      VCPKG_CXX_FLAGS: ""
      VCPKG_CXX_FLAGS_DEBUG: ""
      VCPKG_CXX_FLAGS_RELEASE: ""
      VCPKG_C_FLAGS: ""
      VCPKG_C_FLAGS_DEBUG: ""
      VCPKG_C_FLAGS_RELEASE: ""
      VCPKG_INSTALLED_DIR: "D:/Proyectos/C++/Hangie/vcpkg_installed"
      VCPKG_LINKER_FLAGS: ""
      VCPKG_LINKER_FLAGS_DEBUG: ""
      VCPKG_LINKER_FLAGS_RELEASE: ""
      VCPKG_PLATFORM_TOOLSET: "v143"
      VCPKG_PREFER_SYSTEM_LIBS: "OFF"
      VCPKG_SET_CHARSET_FLAG: "ON"
      VCPKG_TARGET_ARCHITECTURE: "x64"
      VCPKG_TARGET_TRIPLET: "x64-windows"
      Z_VCPKG_ROOT_DIR: "C:/Program Files/Microsoft Visual Studio/2022/Community/VC/vcpkg"
    buildResult:
      variable: "HAVE_SIZEOF_INT"
      cached: true
      stdout: |
        Change Dir: 'D:/Proyectos/C++/Hangie/vcpkg_installed/vcpkg/blds/curl/x64-windows-rel/CMakeFiles/CMakeScratch/TryCompile-qnelr3'
        
        Run Build Command(s): "C:/Program Files/Microsoft Visual Studio/2022/Community/Common7/IDE/CommonExtensions/Microsoft/CMake/Ninja/ninja.exe" -v cmTC_b7d68
        [1/2] C:\\PROGRA~1\\MIB055~1\\2022\\COMMUN~1\\VC\\Tools\\MSVC\\1442~1.344\\bin\\Hostx64\\x64\\cl.exe  /nologo  -ID:\\Proyectos\\C++\\Hangie\\vcpkg_installed\\x64-windows\\include /nologo /DWIN32 /D_WINDOWS /utf-8 /MP   /D_DEBUG /MDd /Z7 /Ob0 /Od /RTC1  -MDd /showIncludes /FoCMakeFiles\\cmTC_b7d68.dir\\SIZEOF_INT.c.obj /FdCMakeFiles\\cmTC_b7d68.dir\\ /FS -c D:\\Proyectos\\C++\\Hangie\\vcpkg_installed\\vcpkg\\blds\\curl\\x64-windows-rel\\CMakeFiles\\CMakeScratch\\TryCompile-qnelr3\\SIZEOF_INT.c
        [2/2] C:\\Windows\\system32\\cmd.exe /C "cd . && "C:\\Program Files\\Microsoft Visual Studio\\2022\\Community\\Common7\\IDE\\CommonExtensions\\Microsoft\\CMake\\CMake\\bin\\cmake.exe" -E vs_link_exe --intdir=CMakeFiles\\cmTC_b7d68.dir --rc=C:\\PROGRA~2\\WI3CF2~1\\10\\bin\\100226~1.0\\x64\\rc.exe --mt=C:\\PROGRA~2\\WI3CF2~1\\10\\bin\\100226~1.0\\x64\\mt.exe --manifests  -- C:\\PROGRA~1\\MIB055~1\\2022\\COMMUN~1\\VC\\Tools\\MSVC\\1442~1.344\\bin\\Hostx64\\x64\\link.exe /nologo CMakeFiles\\cmTC_b7d68.dir\\SIZEOF_INT.c.obj  /out:cmTC_b7d68.exe /implib:cmTC_b7d68.lib /pdb:cmTC_b7d68.pdb /version:0.0 /machine:x64  /nologo    /debug /INCREMENTAL /subsystem:console  kernel32.lib user32.lib gdi32.lib winspool.lib shell32.lib ole32.lib oleaut32.lib uuid.lib comdlg32.lib advapi32.lib && cd ."
        
      exitCode: 0
  -
    kind: "try_compile-v1"
    backtrace:
      - "C:/Program Files/Microsoft Visual Studio/2022/Community/Common7/IDE/CommonExtensions/Microsoft/CMake/CMake/share/cmake-3.29/Modules/CheckTypeSize.cmake:146 (try_compile)"
      - "C:/Program Files/Microsoft Visual Studio/2022/Community/Common7/IDE/CommonExtensions/Microsoft/CMake/CMake/share/cmake-3.29/Modules/CheckTypeSize.cmake:271 (__check_type_size_impl)"
      - "CMakeLists.txt:1468 (check_type_size)"
    checks:
      - "Check size of __int64"
    directories:
      source: "D:/Proyectos/C++/Hangie/vcpkg_installed/vcpkg/blds/curl/x64-windows-rel/CMakeFiles/CMakeScratch/TryCompile-3ljbku"
      binary: "D:/Proyectos/C++/Hangie/vcpkg_installed/vcpkg/blds/curl/x64-windows-rel/CMakeFiles/CMakeScratch/TryCompile-3ljbku"
    cmakeVariables:
      CMAKE_C_FLAGS: " /nologo /DWIN32 /D_WINDOWS /utf-8 /MP "
      CMAKE_C_FLAGS_DEBUG: "/D_DEBUG /MDd /Z7 /Ob0 /Od /RTC1 "
      CMAKE_EXE_LINKER_FLAGS: "/machine:x64"
      CMAKE_MODULE_PATH: "D:/Proyectos/C++/Hangie/vcpkg_installed/vcpkg/blds/curl/src/url-8_10_1-8b052efba7.clean/CMake;"
      CMAKE_MSVC_DEBUG_INFORMATION_FORMAT: ""
      CMAKE_MSVC_RUNTIME_LIBRARY: "MultiThreaded$<$<CONFIG:Debug>:Debug>$<$<STREQUAL:dynamic,dynamic>:DLL>"
      VCPKG_CHAINLOAD_TOOLCHAIN_FILE: "C:/Program Files/Microsoft Visual Studio/2022/Community/VC/vcpkg/scripts/toolchains/windows.cmake"
      VCPKG_CRT_LINKAGE: "dynamic"
      VCPKG_CXX_FLAGS: ""
      VCPKG_CXX_FLAGS_DEBUG: ""
      VCPKG_CXX_FLAGS_RELEASE: ""
      VCPKG_C_FLAGS: ""
      VCPKG_C_FLAGS_DEBUG: ""
      VCPKG_C_FLAGS_RELEASE: ""
      VCPKG_INSTALLED_DIR: "D:/Proyectos/C++/Hangie/vcpkg_installed"
      VCPKG_LINKER_FLAGS: ""
      VCPKG_LINKER_FLAGS_DEBUG: ""
      VCPKG_LINKER_FLAGS_RELEASE: ""
      VCPKG_PLATFORM_TOOLSET: "v143"
      VCPKG_PREFER_SYSTEM_LIBS: "OFF"
      VCPKG_SET_CHARSET_FLAG: "ON"
      VCPKG_TARGET_ARCHITECTURE: "x64"
      VCPKG_TARGET_TRIPLET: "x64-windows"
      Z_VCPKG_ROOT_DIR: "C:/Program Files/Microsoft Visual Studio/2022/Community/VC/vcpkg"
    buildResult:
      variable: "HAVE_SIZEOF___INT64"
      cached: true
      stdout: |
        Change Dir: 'D:/Proyectos/C++/Hangie/vcpkg_installed/vcpkg/blds/curl/x64-windows-rel/CMakeFiles/CMakeScratch/TryCompile-3ljbku'
        
        Run Build Command(s): "C:/Program Files/Microsoft Visual Studio/2022/Community/Common7/IDE/CommonExtensions/Microsoft/CMake/Ninja/ninja.exe" -v cmTC_3a8f1
        [1/2] C:\\PROGRA~1\\MIB055~1\\2022\\COMMUN~1\\VC\\Tools\\MSVC\\1442~1.344\\bin\\Hostx64\\x64\\cl.exe  /nologo  -ID:\\Proyectos\\C++\\Hangie\\vcpkg_installed\\x64-windows\\include /nologo /DWIN32 /D_WINDOWS /utf-8 /MP   /D_DEBUG /MDd /Z7 /Ob0 /Od /RTC1  -MDd /showIncludes /FoCMakeFiles\\cmTC_3a8f1.dir\\SIZEOF___INT64.c.obj /FdCMakeFiles\\cmTC_3a8f1.dir\\ /FS -c D:\\Proyectos\\C++\\Hangie\\vcpkg_installed\\vcpkg\\blds\\curl\\x64-windows-rel\\CMakeFiles\\CMakeScratch\\TryCompile-3ljbku\\SIZEOF___INT64.c
        [2/2] C:\\Windows\\system32\\cmd.exe /C "cd . && "C:\\Program Files\\Microsoft Visual Studio\\2022\\Community\\Common7\\IDE\\CommonExtensions\\Microsoft\\CMake\\CMake\\bin\\cmake.exe" -E vs_link_exe --intdir=CMakeFiles\\cmTC_3a8f1.dir --rc=C:\\PROGRA~2\\WI3CF2~1\\10\\bin\\100226~1.0\\x64\\rc.exe --mt=C:\\PROGRA~2\\WI3CF2~1\\10\\bin\\100226~1.0\\x64\\mt.exe --manifests  -- C:\\PROGRA~1\\MIB055~1\\2022\\COMMUN~1\\VC\\Tools\\MSVC\\1442~1.344\\bin\\Hostx64\\x64\\link.exe /nologo CMakeFiles\\cmTC_3a8f1.dir\\SIZEOF___INT64.c.obj  /out:cmTC_3a8f1.exe /implib:cmTC_3a8f1.lib /pdb:cmTC_3a8f1.pdb /version:0.0 /machine:x64  /nologo    /debug /INCREMENTAL /subsystem:console  kernel32.lib user32.lib gdi32.lib winspool.lib shell32.lib ole32.lib oleaut32.lib uuid.lib comdlg32.lib advapi32.lib && cd ."
        
      exitCode: 0
  -
    kind: "try_compile-v1"
    backtrace:
      - "C:/Program Files/Microsoft Visual Studio/2022/Community/Common7/IDE/CommonExtensions/Microsoft/CMake/CMake/share/cmake-3.29/Modules/CheckTypeSize.cmake:146 (try_compile)"
      - "C:/Program Files/Microsoft Visual Studio/2022/Community/Common7/IDE/CommonExtensions/Microsoft/CMake/CMake/share/cmake-3.29/Modules/CheckTypeSize.cmake:271 (__check_type_size_impl)"
      - "CMakeLists.txt:1469 (check_type_size)"
    checks:
      - "Check size of time_t"
    directories:
      source: "D:/Proyectos/C++/Hangie/vcpkg_installed/vcpkg/blds/curl/x64-windows-rel/CMakeFiles/CMakeScratch/TryCompile-r4jjwp"
      binary: "D:/Proyectos/C++/Hangie/vcpkg_installed/vcpkg/blds/curl/x64-windows-rel/CMakeFiles/CMakeScratch/TryCompile-r4jjwp"
    cmakeVariables:
      CMAKE_C_FLAGS: " /nologo /DWIN32 /D_WINDOWS /utf-8 /MP "
      CMAKE_C_FLAGS_DEBUG: "/D_DEBUG /MDd /Z7 /Ob0 /Od /RTC1 "
      CMAKE_EXE_LINKER_FLAGS: "/machine:x64"
      CMAKE_MODULE_PATH: "D:/Proyectos/C++/Hangie/vcpkg_installed/vcpkg/blds/curl/src/url-8_10_1-8b052efba7.clean/CMake;"
      CMAKE_MSVC_DEBUG_INFORMATION_FORMAT: ""
      CMAKE_MSVC_RUNTIME_LIBRARY: "MultiThreaded$<$<CONFIG:Debug>:Debug>$<$<STREQUAL:dynamic,dynamic>:DLL>"
      VCPKG_CHAINLOAD_TOOLCHAIN_FILE: "C:/Program Files/Microsoft Visual Studio/2022/Community/VC/vcpkg/scripts/toolchains/windows.cmake"
      VCPKG_CRT_LINKAGE: "dynamic"
      VCPKG_CXX_FLAGS: ""
      VCPKG_CXX_FLAGS_DEBUG: ""
      VCPKG_CXX_FLAGS_RELEASE: ""
      VCPKG_C_FLAGS: ""
      VCPKG_C_FLAGS_DEBUG: ""
      VCPKG_C_FLAGS_RELEASE: ""
      VCPKG_INSTALLED_DIR: "D:/Proyectos/C++/Hangie/vcpkg_installed"
      VCPKG_LINKER_FLAGS: ""
      VCPKG_LINKER_FLAGS_DEBUG: ""
      VCPKG_LINKER_FLAGS_RELEASE: ""
      VCPKG_PLATFORM_TOOLSET: "v143"
      VCPKG_PREFER_SYSTEM_LIBS: "OFF"
      VCPKG_SET_CHARSET_FLAG: "ON"
      VCPKG_TARGET_ARCHITECTURE: "x64"
      VCPKG_TARGET_TRIPLET: "x64-windows"
      Z_VCPKG_ROOT_DIR: "C:/Program Files/Microsoft Visual Studio/2022/Community/VC/vcpkg"
    buildResult:
      variable: "HAVE_SIZEOF_TIME_T"
      cached: true
      stdout: |
        Change Dir: 'D:/Proyectos/C++/Hangie/vcpkg_installed/vcpkg/blds/curl/x64-windows-rel/CMakeFiles/CMakeScratch/TryCompile-r4jjwp'
        
        Run Build Command(s): "C:/Program Files/Microsoft Visual Studio/2022/Community/Common7/IDE/CommonExtensions/Microsoft/CMake/Ninja/ninja.exe" -v cmTC_f87df
        [1/2] C:\\PROGRA~1\\MIB055~1\\2022\\COMMUN~1\\VC\\Tools\\MSVC\\1442~1.344\\bin\\Hostx64\\x64\\cl.exe  /nologo  -ID:\\Proyectos\\C++\\Hangie\\vcpkg_installed\\x64-windows\\include /nologo /DWIN32 /D_WINDOWS /utf-8 /MP   /D_DEBUG /MDd /Z7 /Ob0 /Od /RTC1  -MDd /showIncludes /FoCMakeFiles\\cmTC_f87df.dir\\SIZEOF_TIME_T.c.obj /FdCMakeFiles\\cmTC_f87df.dir\\ /FS -c D:\\Proyectos\\C++\\Hangie\\vcpkg_installed\\vcpkg\\blds\\curl\\x64-windows-rel\\CMakeFiles\\CMakeScratch\\TryCompile-r4jjwp\\SIZEOF_TIME_T.c
        [2/2] C:\\Windows\\system32\\cmd.exe /C "cd . && "C:\\Program Files\\Microsoft Visual Studio\\2022\\Community\\Common7\\IDE\\CommonExtensions\\Microsoft\\CMake\\CMake\\bin\\cmake.exe" -E vs_link_exe --intdir=CMakeFiles\\cmTC_f87df.dir --rc=C:\\PROGRA~2\\WI3CF2~1\\10\\bin\\100226~1.0\\x64\\rc.exe --mt=C:\\PROGRA~2\\WI3CF2~1\\10\\bin\\100226~1.0\\x64\\mt.exe --manifests  -- C:\\PROGRA~1\\MIB055~1\\2022\\COMMUN~1\\VC\\Tools\\MSVC\\1442~1.344\\bin\\Hostx64\\x64\\link.exe /nologo CMakeFiles\\cmTC_f87df.dir\\SIZEOF_TIME_T.c.obj  /out:cmTC_f87df.exe /implib:cmTC_f87df.lib /pdb:cmTC_f87df.pdb /version:0.0 /machine:x64  /nologo    /debug /INCREMENTAL /subsystem:console  kernel32.lib user32.lib gdi32.lib winspool.lib shell32.lib ole32.lib oleaut32.lib uuid.lib comdlg32.lib advapi32.lib && cd ."
        
      exitCode: 0
  -
    kind: "try_compile-v1"
    backtrace:
      - "C:/Program Files/Microsoft Visual Studio/2022/Community/Common7/IDE/CommonExtensions/Microsoft/CMake/CMake/share/cmake-3.29/Modules/CheckTypeSize.cmake:146 (try_compile)"
      - "C:/Program Files/Microsoft Visual Studio/2022/Community/Common7/IDE/CommonExtensions/Microsoft/CMake/CMake/share/cmake-3.29/Modules/CheckTypeSize.cmake:271 (__check_type_size_impl)"
      - "CMakeLists.txt:1574 (check_type_size)"
    checks:
      - "Check size of ADDRESS_FAMILY"
    directories:
      source: "D:/Proyectos/C++/Hangie/vcpkg_installed/vcpkg/blds/curl/x64-windows-rel/CMakeFiles/CMakeScratch/TryCompile-ne2d1g"
      binary: "D:/Proyectos/C++/Hangie/vcpkg_installed/vcpkg/blds/curl/x64-windows-rel/CMakeFiles/CMakeScratch/TryCompile-ne2d1g"
    cmakeVariables:
      CMAKE_C_FLAGS: " /nologo /DWIN32 /D_WINDOWS /utf-8 /MP "
      CMAKE_C_FLAGS_DEBUG: "/D_DEBUG /MDd /Z7 /Ob0 /Od /RTC1 "
      CMAKE_EXE_LINKER_FLAGS: "/machine:x64"
      CMAKE_MODULE_PATH: "D:/Proyectos/C++/Hangie/vcpkg_installed/vcpkg/blds/curl/src/url-8_10_1-8b052efba7.clean/CMake;"
      CMAKE_MSVC_DEBUG_INFORMATION_FORMAT: ""
      CMAKE_MSVC_RUNTIME_LIBRARY: "MultiThreaded$<$<CONFIG:Debug>:Debug>$<$<STREQUAL:dynamic,dynamic>:DLL>"
      VCPKG_CHAINLOAD_TOOLCHAIN_FILE: "C:/Program Files/Microsoft Visual Studio/2022/Community/VC/vcpkg/scripts/toolchains/windows.cmake"
      VCPKG_CRT_LINKAGE: "dynamic"
      VCPKG_CXX_FLAGS: ""
      VCPKG_CXX_FLAGS_DEBUG: ""
      VCPKG_CXX_FLAGS_RELEASE: ""
      VCPKG_C_FLAGS: ""
      VCPKG_C_FLAGS_DEBUG: ""
      VCPKG_C_FLAGS_RELEASE: ""
      VCPKG_INSTALLED_DIR: "D:/Proyectos/C++/Hangie/vcpkg_installed"
      VCPKG_LINKER_FLAGS: ""
      VCPKG_LINKER_FLAGS_DEBUG: ""
      VCPKG_LINKER_FLAGS_RELEASE: ""
      VCPKG_PLATFORM_TOOLSET: "v143"
      VCPKG_PREFER_SYSTEM_LIBS: "OFF"
      VCPKG_SET_CHARSET_FLAG: "ON"
      VCPKG_TARGET_ARCHITECTURE: "x64"
      VCPKG_TARGET_TRIPLET: "x64-windows"
      Z_VCPKG_ROOT_DIR: "C:/Program Files/Microsoft Visual Studio/2022/Community/VC/vcpkg"
    buildResult:
      variable: "HAVE_SIZEOF_ADDRESS_FAMILY"
      cached: true
      stdout: |
        Change Dir: 'D:/Proyectos/C++/Hangie/vcpkg_installed/vcpkg/blds/curl/x64-windows-rel/CMakeFiles/CMakeScratch/TryCompile-ne2d1g'
        
        Run Build Command(s): "C:/Program Files/Microsoft Visual Studio/2022/Community/Common7/IDE/CommonExtensions/Microsoft/CMake/Ninja/ninja.exe" -v cmTC_e878d
        [1/2] C:\\PROGRA~1\\MIB055~1\\2022\\COMMUN~1\\VC\\Tools\\MSVC\\1442~1.344\\bin\\Hostx64\\x64\\cl.exe  /nologo  -ID:\\Proyectos\\C++\\Hangie\\vcpkg_installed\\x64-windows\\include /nologo /DWIN32 /D_WINDOWS /utf-8 /MP   /D_DEBUG /MDd /Z7 /Ob0 /Od /RTC1  -MDd /showIncludes /FoCMakeFiles\\cmTC_e878d.dir\\SIZEOF_ADDRESS_FAMILY.c.obj /FdCMakeFiles\\cmTC_e878d.dir\\ /FS -c D:\\Proyectos\\C++\\Hangie\\vcpkg_installed\\vcpkg\\blds\\curl\\x64-windows-rel\\CMakeFiles\\CMakeScratch\\TryCompile-ne2d1g\\SIZEOF_ADDRESS_FAMILY.c
        [2/2] C:\\Windows\\system32\\cmd.exe /C "cd . && "C:\\Program Files\\Microsoft Visual Studio\\2022\\Community\\Common7\\IDE\\CommonExtensions\\Microsoft\\CMake\\CMake\\bin\\cmake.exe" -E vs_link_exe --intdir=CMakeFiles\\cmTC_e878d.dir --rc=C:\\PROGRA~2\\WI3CF2~1\\10\\bin\\100226~1.0\\x64\\rc.exe --mt=C:\\PROGRA~2\\WI3CF2~1\\10\\bin\\100226~1.0\\x64\\mt.exe --manifests  -- C:\\PROGRA~1\\MIB055~1\\2022\\COMMUN~1\\VC\\Tools\\MSVC\\1442~1.344\\bin\\Hostx64\\x64\\link.exe /nologo CMakeFiles\\cmTC_e878d.dir\\SIZEOF_ADDRESS_FAMILY.c.obj  /out:cmTC_e878d.exe /implib:cmTC_e878d.lib /pdb:cmTC_e878d.pdb /version:0.0 /machine:x64  /nologo    /debug /INCREMENTAL /subsystem:console  ws2_32.lib  kernel32.lib user32.lib gdi32.lib winspool.lib shell32.lib ole32.lib oleaut32.lib uuid.lib comdlg32.lib advapi32.lib && cd ."
        
      exitCode: 0
  -
    kind: "try_compile-v1"
    backtrace:
      - "C:/Program Files/Microsoft Visual Studio/2022/Community/Common7/IDE/CommonExtensions/Microsoft/CMake/CMake/share/cmake-3.29/Modules/CheckTypeSize.cmake:146 (try_compile)"
      - "C:/Program Files/Microsoft Visual Studio/2022/Community/Common7/IDE/CommonExtensions/Microsoft/CMake/CMake/share/cmake-3.29/Modules/CheckTypeSize.cmake:271 (__check_type_size_impl)"
      - "CMakeLists.txt:1609 (check_type_size)"
    checks:
      - "Check size of off_t"
    directories:
      source: "D:/Proyectos/C++/Hangie/vcpkg_installed/vcpkg/blds/curl/x64-windows-rel/CMakeFiles/CMakeScratch/TryCompile-zp6zi2"
      binary: "D:/Proyectos/C++/Hangie/vcpkg_installed/vcpkg/blds/curl/x64-windows-rel/CMakeFiles/CMakeScratch/TryCompile-zp6zi2"
    cmakeVariables:
      CMAKE_C_FLAGS: " /nologo /DWIN32 /D_WINDOWS /utf-8 /MP "
      CMAKE_C_FLAGS_DEBUG: "/D_DEBUG /MDd /Z7 /Ob0 /Od /RTC1 "
      CMAKE_EXE_LINKER_FLAGS: "/machine:x64"
      CMAKE_MODULE_PATH: "D:/Proyectos/C++/Hangie/vcpkg_installed/vcpkg/blds/curl/src/url-8_10_1-8b052efba7.clean/CMake;"
      CMAKE_MSVC_DEBUG_INFORMATION_FORMAT: ""
      CMAKE_MSVC_RUNTIME_LIBRARY: "MultiThreaded$<$<CONFIG:Debug>:Debug>$<$<STREQUAL:dynamic,dynamic>:DLL>"
      VCPKG_CHAINLOAD_TOOLCHAIN_FILE: "C:/Program Files/Microsoft Visual Studio/2022/Community/VC/vcpkg/scripts/toolchains/windows.cmake"
      VCPKG_CRT_LINKAGE: "dynamic"
      VCPKG_CXX_FLAGS: ""
      VCPKG_CXX_FLAGS_DEBUG: ""
      VCPKG_CXX_FLAGS_RELEASE: ""
      VCPKG_C_FLAGS: ""
      VCPKG_C_FLAGS_DEBUG: ""
      VCPKG_C_FLAGS_RELEASE: ""
      VCPKG_INSTALLED_DIR: "D:/Proyectos/C++/Hangie/vcpkg_installed"
      VCPKG_LINKER_FLAGS: ""
      VCPKG_LINKER_FLAGS_DEBUG: ""
      VCPKG_LINKER_FLAGS_RELEASE: ""
      VCPKG_PLATFORM_TOOLSET: "v143"
      VCPKG_PREFER_SYSTEM_LIBS: "OFF"
      VCPKG_SET_CHARSET_FLAG: "ON"
      VCPKG_TARGET_ARCHITECTURE: "x64"
      VCPKG_TARGET_TRIPLET: "x64-windows"
      Z_VCPKG_ROOT_DIR: "C:/Program Files/Microsoft Visual Studio/2022/Community/VC/vcpkg"
    buildResult:
      variable: "HAVE_SIZEOF_OFF_T"
      cached: true
      stdout: |
        Change Dir: 'D:/Proyectos/C++/Hangie/vcpkg_installed/vcpkg/blds/curl/x64-windows-rel/CMakeFiles/CMakeScratch/TryCompile-zp6zi2'
        
        Run Build Command(s): "C:/Program Files/Microsoft Visual Studio/2022/Community/Common7/IDE/CommonExtensions/Microsoft/CMake/Ninja/ninja.exe" -v cmTC_dfb09
        [1/2] C:\\PROGRA~1\\MIB055~1\\2022\\COMMUN~1\\VC\\Tools\\MSVC\\1442~1.344\\bin\\Hostx64\\x64\\cl.exe  /nologo  -ID:\\Proyectos\\C++\\Hangie\\vcpkg_installed\\x64-windows\\include /nologo /DWIN32 /D_WINDOWS /utf-8 /MP   /D_DEBUG /MDd /Z7 /Ob0 /Od /RTC1  -MDd /showIncludes /FoCMakeFiles\\cmTC_dfb09.dir\\SIZEOF_OFF_T.c.obj /FdCMakeFiles\\cmTC_dfb09.dir\\ /FS -c D:\\Proyectos\\C++\\Hangie\\vcpkg_installed\\vcpkg\\blds\\curl\\x64-windows-rel\\CMakeFiles\\CMakeScratch\\TryCompile-zp6zi2\\SIZEOF_OFF_T.c
        [2/2] C:\\Windows\\system32\\cmd.exe /C "cd . && "C:\\Program Files\\Microsoft Visual Studio\\2022\\Community\\Common7\\IDE\\CommonExtensions\\Microsoft\\CMake\\CMake\\bin\\cmake.exe" -E vs_link_exe --intdir=CMakeFiles\\cmTC_dfb09.dir --rc=C:\\PROGRA~2\\WI3CF2~1\\10\\bin\\100226~1.0\\x64\\rc.exe --mt=C:\\PROGRA~2\\WI3CF2~1\\10\\bin\\100226~1.0\\x64\\mt.exe --manifests  -- C:\\PROGRA~1\\MIB055~1\\2022\\COMMUN~1\\VC\\Tools\\MSVC\\1442~1.344\\bin\\Hostx64\\x64\\link.exe /nologo CMakeFiles\\cmTC_dfb09.dir\\SIZEOF_OFF_T.c.obj  /out:cmTC_dfb09.exe /implib:cmTC_dfb09.lib /pdb:cmTC_dfb09.pdb /version:0.0 /machine:x64  /nologo    /debug /INCREMENTAL /subsystem:console  ws2_32.lib  kernel32.lib user32.lib gdi32.lib winspool.lib shell32.lib ole32.lib oleaut32.lib uuid.lib comdlg32.lib advapi32.lib && cd ."
        
      exitCode: 0
  -
    kind: "try_compile-v1"
    backtrace:
      - "C:/Program Files/Microsoft Visual Studio/2022/Community/Common7/IDE/CommonExtensions/Microsoft/CMake/CMake/share/cmake-3.29/Modules/CheckTypeSize.cmake:146 (try_compile)"
      - "C:/Program Files/Microsoft Visual Studio/2022/Community/Common7/IDE/CommonExtensions/Microsoft/CMake/CMake/share/cmake-3.29/Modules/CheckTypeSize.cmake:271 (__check_type_size_impl)"
      - "CMakeLists.txt:1623 (check_type_size)"
    checks:
      - "Check size of curl_off_t"
    directories:
      source: "D:/Proyectos/C++/Hangie/vcpkg_installed/vcpkg/blds/curl/x64-windows-rel/CMakeFiles/CMakeScratch/TryCompile-ztg5bi"
      binary: "D:/Proyectos/C++/Hangie/vcpkg_installed/vcpkg/blds/curl/x64-windows-rel/CMakeFiles/CMakeScratch/TryCompile-ztg5bi"
    cmakeVariables:
      CMAKE_C_FLAGS: " /nologo /DWIN32 /D_WINDOWS /utf-8 /MP "
      CMAKE_C_FLAGS_DEBUG: "/D_DEBUG /MDd /Z7 /Ob0 /Od /RTC1 "
      CMAKE_EXE_LINKER_FLAGS: "/machine:x64"
      CMAKE_MODULE_PATH: "D:/Proyectos/C++/Hangie/vcpkg_installed/vcpkg/blds/curl/src/url-8_10_1-8b052efba7.clean/CMake;"
      CMAKE_MSVC_DEBUG_INFORMATION_FORMAT: ""
      CMAKE_MSVC_RUNTIME_LIBRARY: "MultiThreaded$<$<CONFIG:Debug>:Debug>$<$<STREQUAL:dynamic,dynamic>:DLL>"
      VCPKG_CHAINLOAD_TOOLCHAIN_FILE: "C:/Program Files/Microsoft Visual Studio/2022/Community/VC/vcpkg/scripts/toolchains/windows.cmake"
      VCPKG_CRT_LINKAGE: "dynamic"
      VCPKG_CXX_FLAGS: ""
      VCPKG_CXX_FLAGS_DEBUG: ""
      VCPKG_CXX_FLAGS_RELEASE: ""
      VCPKG_C_FLAGS: ""
      VCPKG_C_FLAGS_DEBUG: ""
      VCPKG_C_FLAGS_RELEASE: ""
      VCPKG_INSTALLED_DIR: "D:/Proyectos/C++/Hangie/vcpkg_installed"
      VCPKG_LINKER_FLAGS: ""
      VCPKG_LINKER_FLAGS_DEBUG: ""
      VCPKG_LINKER_FLAGS_RELEASE: ""
      VCPKG_PLATFORM_TOOLSET: "v143"
      VCPKG_PREFER_SYSTEM_LIBS: "OFF"
      VCPKG_SET_CHARSET_FLAG: "ON"
      VCPKG_TARGET_ARCHITECTURE: "x64"
      VCPKG_TARGET_TRIPLET: "x64-windows"
      Z_VCPKG_ROOT_DIR: "C:/Program Files/Microsoft Visual Studio/2022/Community/VC/vcpkg"
    buildResult:
      variable: "HAVE_SIZEOF_CURL_OFF_T"
      cached: true
      stdout: |
        Change Dir: 'D:/Proyectos/C++/Hangie/vcpkg_installed/vcpkg/blds/curl/x64-windows-rel/CMakeFiles/CMakeScratch/TryCompile-ztg5bi'
        
        Run Build Command(s): "C:/Program Files/Microsoft Visual Studio/2022/Community/Common7/IDE/CommonExtensions/Microsoft/CMake/Ninja/ninja.exe" -v cmTC_3ff7f
        [1/2] C:\\PROGRA~1\\MIB055~1\\2022\\COMMUN~1\\VC\\Tools\\MSVC\\1442~1.344\\bin\\Hostx64\\x64\\cl.exe  /nologo  -ID:\\Proyectos\\C++\\Hangie\\vcpkg_installed\\vcpkg\\blds\\curl\\src\\url-8_10_1-8b052efba7.clean\\include /nologo /DWIN32 /D_WINDOWS /utf-8 /MP   /D_DEBUG /MDd /Z7 /Ob0 /Od /RTC1  -MDd /showIncludes /FoCMakeFiles\\cmTC_3ff7f.dir\\SIZEOF_CURL_OFF_T.c.obj /FdCMakeFiles\\cmTC_3ff7f.dir\\ /FS -c D:\\Proyectos\\C++\\Hangie\\vcpkg_installed\\vcpkg\\blds\\curl\\x64-windows-rel\\CMakeFiles\\CMakeScratch\\TryCompile-ztg5bi\\SIZEOF_CURL_OFF_T.c
        [2/2] C:\\Windows\\system32\\cmd.exe /C "cd . && "C:\\Program Files\\Microsoft Visual Studio\\2022\\Community\\Common7\\IDE\\CommonExtensions\\Microsoft\\CMake\\CMake\\bin\\cmake.exe" -E vs_link_exe --intdir=CMakeFiles\\cmTC_3ff7f.dir --rc=C:\\PROGRA~2\\WI3CF2~1\\10\\bin\\100226~1.0\\x64\\rc.exe --mt=C:\\PROGRA~2\\WI3CF2~1\\10\\bin\\100226~1.0\\x64\\mt.exe --manifests  -- C:\\PROGRA~1\\MIB055~1\\2022\\COMMUN~1\\VC\\Tools\\MSVC\\1442~1.344\\bin\\Hostx64\\x64\\link.exe /nologo CMakeFiles\\cmTC_3ff7f.dir\\SIZEOF_CURL_OFF_T.c.obj  /out:cmTC_3ff7f.exe /implib:cmTC_3ff7f.lib /pdb:cmTC_3ff7f.pdb /version:0.0 /machine:x64  /nologo    /debug /INCREMENTAL /subsystem:console  ws2_32.lib  kernel32.lib user32.lib gdi32.lib winspool.lib shell32.lib ole32.lib oleaut32.lib uuid.lib comdlg32.lib advapi32.lib && cd ."
        
      exitCode: 0
  -
    kind: "try_compile-v1"
    backtrace:
      - "C:/Program Files/Microsoft Visual Studio/2022/Community/Common7/IDE/CommonExtensions/Microsoft/CMake/CMake/share/cmake-3.29/Modules/CheckTypeSize.cmake:146 (try_compile)"
      - "C:/Program Files/Microsoft Visual Studio/2022/Community/Common7/IDE/CommonExtensions/Microsoft/CMake/CMake/share/cmake-3.29/Modules/CheckTypeSize.cmake:271 (__check_type_size_impl)"
      - "CMakeLists.txt:1625 (check_type_size)"
    checks:
      - "Check size of curl_socket_t"
    directories:
      source: "D:/Proyectos/C++/Hangie/vcpkg_installed/vcpkg/blds/curl/x64-windows-rel/CMakeFiles/CMakeScratch/TryCompile-65s3bc"
      binary: "D:/Proyectos/C++/Hangie/vcpkg_installed/vcpkg/blds/curl/x64-windows-rel/CMakeFiles/CMakeScratch/TryCompile-65s3bc"
    cmakeVariables:
      CMAKE_C_FLAGS: " /nologo /DWIN32 /D_WINDOWS /utf-8 /MP "
      CMAKE_C_FLAGS_DEBUG: "/D_DEBUG /MDd /Z7 /Ob0 /Od /RTC1 "
      CMAKE_EXE_LINKER_FLAGS: "/machine:x64"
      CMAKE_MODULE_PATH: "D:/Proyectos/C++/Hangie/vcpkg_installed/vcpkg/blds/curl/src/url-8_10_1-8b052efba7.clean/CMake;"
      CMAKE_MSVC_DEBUG_INFORMATION_FORMAT: ""
      CMAKE_MSVC_RUNTIME_LIBRARY: "MultiThreaded$<$<CONFIG:Debug>:Debug>$<$<STREQUAL:dynamic,dynamic>:DLL>"
      VCPKG_CHAINLOAD_TOOLCHAIN_FILE: "C:/Program Files/Microsoft Visual Studio/2022/Community/VC/vcpkg/scripts/toolchains/windows.cmake"
      VCPKG_CRT_LINKAGE: "dynamic"
      VCPKG_CXX_FLAGS: ""
      VCPKG_CXX_FLAGS_DEBUG: ""
      VCPKG_CXX_FLAGS_RELEASE: ""
      VCPKG_C_FLAGS: ""
      VCPKG_C_FLAGS_DEBUG: ""
      VCPKG_C_FLAGS_RELEASE: ""
      VCPKG_INSTALLED_DIR: "D:/Proyectos/C++/Hangie/vcpkg_installed"
      VCPKG_LINKER_FLAGS: ""
      VCPKG_LINKER_FLAGS_DEBUG: ""
      VCPKG_LINKER_FLAGS_RELEASE: ""
      VCPKG_PLATFORM_TOOLSET: "v143"
      VCPKG_PREFER_SYSTEM_LIBS: "OFF"
      VCPKG_SET_CHARSET_FLAG: "ON"
      VCPKG_TARGET_ARCHITECTURE: "x64"
      VCPKG_TARGET_TRIPLET: "x64-windows"
      Z_VCPKG_ROOT_DIR: "C:/Program Files/Microsoft Visual Studio/2022/Community/VC/vcpkg"
    buildResult:
      variable: "HAVE_SIZEOF_CURL_SOCKET_T"
      cached: true
      stdout: |
        Change Dir: 'D:/Proyectos/C++/Hangie/vcpkg_installed/vcpkg/blds/curl/x64-windows-rel/CMakeFiles/CMakeScratch/TryCompile-65s3bc'
        
        Run Build Command(s): "C:/Program Files/Microsoft Visual Studio/2022/Community/Common7/IDE/CommonExtensions/Microsoft/CMake/Ninja/ninja.exe" -v cmTC_53280
        [1/2] C:\\PROGRA~1\\MIB055~1\\2022\\COMMUN~1\\VC\\Tools\\MSVC\\1442~1.344\\bin\\Hostx64\\x64\\cl.exe  /nologo  -ID:\\Proyectos\\C++\\Hangie\\vcpkg_installed\\vcpkg\\blds\\curl\\src\\url-8_10_1-8b052efba7.clean\\include /nologo /DWIN32 /D_WINDOWS /utf-8 /MP   /D_DEBUG /MDd /Z7 /Ob0 /Od /RTC1  -MDd /showIncludes /FoCMakeFiles\\cmTC_53280.dir\\SIZEOF_CURL_SOCKET_T.c.obj /FdCMakeFiles\\cmTC_53280.dir\\ /FS -c D:\\Proyectos\\C++\\Hangie\\vcpkg_installed\\vcpkg\\blds\\curl\\x64-windows-rel\\CMakeFiles\\CMakeScratch\\TryCompile-65s3bc\\SIZEOF_CURL_SOCKET_T.c
        [2/2] C:\\Windows\\system32\\cmd.exe /C "cd . && "C:\\Program Files\\Microsoft Visual Studio\\2022\\Community\\Common7\\IDE\\CommonExtensions\\Microsoft\\CMake\\CMake\\bin\\cmake.exe" -E vs_link_exe --intdir=CMakeFiles\\cmTC_53280.dir --rc=C:\\PROGRA~2\\WI3CF2~1\\10\\bin\\100226~1.0\\x64\\rc.exe --mt=C:\\PROGRA~2\\WI3CF2~1\\10\\bin\\100226~1.0\\x64\\mt.exe --manifests  -- C:\\PROGRA~1\\MIB055~1\\2022\\COMMUN~1\\VC\\Tools\\MSVC\\1442~1.344\\bin\\Hostx64\\x64\\link.exe /nologo CMakeFiles\\cmTC_53280.dir\\SIZEOF_CURL_SOCKET_T.c.obj  /out:cmTC_53280.exe /implib:cmTC_53280.lib /pdb:cmTC_53280.pdb /version:0.0 /machine:x64  /nologo    /debug /INCREMENTAL /subsystem:console  ws2_32.lib  kernel32.lib user32.lib gdi32.lib winspool.lib shell32.lib ole32.lib oleaut32.lib uuid.lib comdlg32.lib advapi32.lib && cd ."
        
      exitCode: 0
...
