-- Downloading https://github.com/curl/curl/archive/curl-8_10_1.tar.gz -> curl-curl-curl-8_10_1.tar.gz...
-- Extracting source C:/Users/alexs/AppData/Local/vcpkg/downloads/curl-curl-curl-8_10_1.tar.gz
-- Applying patch 0005_remove_imp_suffix.patch
-- Applying patch 0020-fix-pc-file.patch
-- Applying patch 0022-deduplicate-libs.patch
-- Applying patch export-components.patch
-- Applying patch dependencies.patch
-- Applying patch cmake-config.patch
-- Using source at D:/Proyectos/C++/Hangie/vcpkg_installed/vcpkg/blds/curl/src/url-8_10_1-8b052efba7.clean
-- Using cached msys2-mingw-w64-x86_64-pkgconf-1~2.2.0-1-any.pkg.tar.zst.
-- Using cached msys2-msys2-runtime-3.5.3-3-x86_64.pkg.tar.zst.
-- Using msys root at C:/Users/alexs/AppData/Local/vcpkg/downloads/tools/msys2/1e74ca60daa10104
-- Found external ninja('1.12.1').
-- Configuring x64-windows
-- Building x64-windows-dbg
-- Building x64-windows-rel
-- Fixing pkgconfig file: D:/Proyectos/C++/Hangie/vcpkg_installed/vcpkg/pkgs/curl_x64-windows/lib/pkgconfig/libcurl.pc
-- Fixing pkgconfig file: D:/Proyectos/C++/Hangie/vcpkg_installed/vcpkg/pkgs/curl_x64-windows/debug/lib/pkgconfig/libcurl.pc
-- Installing: D:/Proyectos/C++/Hangie/vcpkg_installed/vcpkg/pkgs/curl_x64-windows/share/curl/vcpkg-cmake-wrapper.cmake
-- Installing: D:/Proyectos/C++/Hangie/vcpkg_installed/vcpkg/pkgs/curl_x64-windows/share/curl/usage
-- Performing post-build validation
